INFO [2019-02-06 12:54:12] $x
INFO [2019-02-06 12:54:12] TBX3843.39.40
INFO [2019-02-06 12:54:12] 
INFO [2019-02-06 12:54:12] $filename
INFO [2019-02-06 12:54:12] paste0(dir, "results/2019-02-05-venn-tbx3940-motifs.tiff")
INFO [2019-02-06 12:54:12] 
INFO [2019-02-06 12:54:12] $resolution
INFO [2019-02-06 12:54:12] [1] 300
INFO [2019-02-06 12:54:12] 
INFO [2019-02-06 12:54:12] $imagetype
INFO [2019-02-06 12:54:12] [1] "tiff"
INFO [2019-02-06 12:54:12] 
INFO [2019-02-06 12:54:12] $cex
INFO [2019-02-06 12:54:12] [1] 2.5
INFO [2019-02-06 12:54:12] 
INFO [2019-02-06 12:54:12] $fontfamily
INFO [2019-02-06 12:54:12] [1] "sans"
INFO [2019-02-06 12:54:12] 
INFO [2019-02-06 12:54:12] $cat.cex
INFO [2019-02-06 12:54:12] [1] 3
INFO [2019-02-06 12:54:12] 
INFO [2019-02-06 12:54:12] $cat.dist
INFO [2019-02-06 12:54:12] -0.025
INFO [2019-02-06 12:54:12] 
INFO [2019-02-06 12:54:12] $cat.fontfamily
INFO [2019-02-06 12:54:12] [1] "sans"
INFO [2019-02-06 12:54:12] 
