INFO [2019-02-06 13:22:24] $x
INFO [2019-02-06 13:22:24] TBX3843
INFO [2019-02-06 13:22:24] 
INFO [2019-02-06 13:22:24] $filename
INFO [2019-02-06 13:22:24] paste0(dir, "results/2019-02-05-venn-tbx3843-motifs.tiff")
INFO [2019-02-06 13:22:24] 
INFO [2019-02-06 13:22:24] $height
INFO [2019-02-06 13:22:24] [1] 1.2
INFO [2019-02-06 13:22:24] 
INFO [2019-02-06 13:22:24] $width
INFO [2019-02-06 13:22:24] [1] 1.2
INFO [2019-02-06 13:22:24] 
INFO [2019-02-06 13:22:24] $units
INFO [2019-02-06 13:22:24] [1] "in"
INFO [2019-02-06 13:22:24] 
INFO [2019-02-06 13:22:24] $resolution
INFO [2019-02-06 13:22:24] [1] 300
INFO [2019-02-06 13:22:24] 
INFO [2019-02-06 13:22:24] $imagetype
INFO [2019-02-06 13:22:24] [1] "tiff"
INFO [2019-02-06 13:22:24] 
INFO [2019-02-06 13:22:24] $fill
INFO [2019-02-06 13:22:24] c("lightgrey", "darkgrey")
INFO [2019-02-06 13:22:24] 
INFO [2019-02-06 13:22:24] $cex
INFO [2019-02-06 13:22:24] [1] 0.75
INFO [2019-02-06 13:22:24] 
INFO [2019-02-06 13:22:24] $fontfamily
INFO [2019-02-06 13:22:24] [1] "sans"
INFO [2019-02-06 13:22:24] 
INFO [2019-02-06 13:22:24] $cat.cex
INFO [2019-02-06 13:22:24] [1] 0.75
INFO [2019-02-06 13:22:24] 
INFO [2019-02-06 13:22:24] $cat.pos
INFO [2019-02-06 13:22:24] c(0, 90)
INFO [2019-02-06 13:22:24] 
INFO [2019-02-06 13:22:24] $cat.dist
INFO [2019-02-06 13:22:24] c(+0.04, 0.1)
INFO [2019-02-06 13:22:24] 
INFO [2019-02-06 13:22:24] $cat.fontfamily
INFO [2019-02-06 13:22:24] [1] "sans"
INFO [2019-02-06 13:22:24] 
