INFO [2019-02-06 13:22:32] $x
INFO [2019-02-06 13:22:32] TBX3843
INFO [2019-02-06 13:22:32] 
INFO [2019-02-06 13:22:32] $filename
INFO [2019-02-06 13:22:32] paste0(dir, "results/2019-02-05-venn-tbx3843-motifs.tiff")
INFO [2019-02-06 13:22:32] 
INFO [2019-02-06 13:22:32] $height
INFO [2019-02-06 13:22:32] [1] 1.2
INFO [2019-02-06 13:22:32] 
INFO [2019-02-06 13:22:32] $width
INFO [2019-02-06 13:22:32] [1] 1.2
INFO [2019-02-06 13:22:32] 
INFO [2019-02-06 13:22:32] $units
INFO [2019-02-06 13:22:32] [1] "in"
INFO [2019-02-06 13:22:32] 
INFO [2019-02-06 13:22:32] $resolution
INFO [2019-02-06 13:22:32] [1] 300
INFO [2019-02-06 13:22:32] 
INFO [2019-02-06 13:22:32] $imagetype
INFO [2019-02-06 13:22:32] [1] "tiff"
INFO [2019-02-06 13:22:32] 
INFO [2019-02-06 13:22:32] $fill
INFO [2019-02-06 13:22:32] c("lightgrey", "darkgrey")
INFO [2019-02-06 13:22:32] 
INFO [2019-02-06 13:22:32] $cex
INFO [2019-02-06 13:22:32] [1] 0.75
INFO [2019-02-06 13:22:32] 
INFO [2019-02-06 13:22:32] $fontfamily
INFO [2019-02-06 13:22:32] [1] "sans"
INFO [2019-02-06 13:22:32] 
INFO [2019-02-06 13:22:32] $cat.cex
INFO [2019-02-06 13:22:32] [1] 0.75
INFO [2019-02-06 13:22:32] 
INFO [2019-02-06 13:22:32] $cat.pos
INFO [2019-02-06 13:22:32] c(0, 90)
INFO [2019-02-06 13:22:32] 
INFO [2019-02-06 13:22:32] $cat.dist
INFO [2019-02-06 13:22:32] c(+0.04, 0.11)
INFO [2019-02-06 13:22:32] 
INFO [2019-02-06 13:22:32] $cat.fontfamily
INFO [2019-02-06 13:22:32] [1] "sans"
INFO [2019-02-06 13:22:32] 
