INFO [2019-02-06 13:18:26] $x
INFO [2019-02-06 13:18:26] TBX3843
INFO [2019-02-06 13:18:26] 
INFO [2019-02-06 13:18:26] $filename
INFO [2019-02-06 13:18:26] paste0(dir, "results/2019-02-05-venn-tbx3843-motifs.tiff")
INFO [2019-02-06 13:18:26] 
INFO [2019-02-06 13:18:26] $height
INFO [2019-02-06 13:18:26] [1] 1.5
INFO [2019-02-06 13:18:26] 
INFO [2019-02-06 13:18:26] $width
INFO [2019-02-06 13:18:26] [1] 1.5
INFO [2019-02-06 13:18:26] 
INFO [2019-02-06 13:18:26] $units
INFO [2019-02-06 13:18:26] [1] "in"
INFO [2019-02-06 13:18:26] 
INFO [2019-02-06 13:18:26] $resolution
INFO [2019-02-06 13:18:26] [1] 300
INFO [2019-02-06 13:18:26] 
INFO [2019-02-06 13:18:26] $imagetype
INFO [2019-02-06 13:18:26] [1] "tiff"
INFO [2019-02-06 13:18:26] 
INFO [2019-02-06 13:18:26] $fill
INFO [2019-02-06 13:18:26] c("lightgrey", "darkgrey")
INFO [2019-02-06 13:18:26] 
INFO [2019-02-06 13:18:26] $fontfamily
INFO [2019-02-06 13:18:26] [1] "sans"
INFO [2019-02-06 13:18:26] 
INFO [2019-02-06 13:18:26] $cat.cex
INFO [2019-02-06 13:18:26] [1] 0.75
INFO [2019-02-06 13:18:26] 
INFO [2019-02-06 13:18:26] $cat.pos
INFO [2019-02-06 13:18:26] c(0, 0)
INFO [2019-02-06 13:18:26] 
INFO [2019-02-06 13:18:26] $cat.dist
INFO [2019-02-06 13:18:26] -0.05
INFO [2019-02-06 13:18:26] 
INFO [2019-02-06 13:18:26] $cat.fontfamily
INFO [2019-02-06 13:18:26] [1] "sans"
INFO [2019-02-06 13:18:26] 
