INFO [2019-02-06 12:54:31] $x
INFO [2019-02-06 12:54:31] TBX3843.39.40
INFO [2019-02-06 12:54:31] 
INFO [2019-02-06 12:54:31] $filename
INFO [2019-02-06 12:54:31] paste0(dir, "results/2019-02-05-venn-tbx3843.39.40-motifs.tiff")
INFO [2019-02-06 12:54:31] 
INFO [2019-02-06 12:54:31] $resolution
INFO [2019-02-06 12:54:31] [1] 300
INFO [2019-02-06 12:54:31] 
INFO [2019-02-06 12:54:31] $imagetype
INFO [2019-02-06 12:54:31] [1] "tiff"
INFO [2019-02-06 12:54:31] 
INFO [2019-02-06 12:54:31] $cex
INFO [2019-02-06 12:54:31] [1] 2.5
INFO [2019-02-06 12:54:31] 
INFO [2019-02-06 12:54:31] $fontfamily
INFO [2019-02-06 12:54:31] [1] "sans"
INFO [2019-02-06 12:54:31] 
INFO [2019-02-06 12:54:31] $cat.cex
INFO [2019-02-06 12:54:31] [1] 3
INFO [2019-02-06 12:54:31] 
INFO [2019-02-06 12:54:31] $cat.dist
INFO [2019-02-06 12:54:31] -0.025
INFO [2019-02-06 12:54:31] 
INFO [2019-02-06 12:54:31] $cat.fontfamily
INFO [2019-02-06 12:54:31] [1] "sans"
INFO [2019-02-06 12:54:31] 
