INFO [2019-02-05 15:23:28] $x
INFO [2019-02-05 15:23:28] TBX3843
INFO [2019-02-05 15:23:28] 
INFO [2019-02-05 15:23:28] $filename
INFO [2019-02-05 15:23:28] paste0(dir, "results/2019-02-05-venn-tbx3843-motifs.tiff")
INFO [2019-02-05 15:23:28] 
INFO [2019-02-05 15:23:28] $resolution
INFO [2019-02-05 15:23:28] [1] 300
INFO [2019-02-05 15:23:28] 
INFO [2019-02-05 15:23:28] $imagetype
INFO [2019-02-05 15:23:28] [1] "tiff"
INFO [2019-02-05 15:23:28] 
INFO [2019-02-05 15:23:28] $fill
INFO [2019-02-05 15:23:28] c("lightgrey", "darkgrey")
INFO [2019-02-05 15:23:28] 
INFO [2019-02-05 15:23:28] $cex
INFO [2019-02-05 15:23:28] [1] 2.5
INFO [2019-02-05 15:23:28] 
INFO [2019-02-05 15:23:28] $fontfamily
INFO [2019-02-05 15:23:28] [1] "sans"
INFO [2019-02-05 15:23:28] 
INFO [2019-02-05 15:23:28] $cat.cex
INFO [2019-02-05 15:23:28] [1] 3
INFO [2019-02-05 15:23:28] 
INFO [2019-02-05 15:23:28] $cat.pos
INFO [2019-02-05 15:23:28] c(0, 0)
INFO [2019-02-05 15:23:28] 
INFO [2019-02-05 15:23:28] $cat.dist
INFO [2019-02-05 15:23:28] -0.025
INFO [2019-02-05 15:23:28] 
INFO [2019-02-05 15:23:28] $cat.fontfamily
INFO [2019-02-05 15:23:28] [1] "sans"
INFO [2019-02-05 15:23:28] 
