INFO [2019-02-06 12:56:26] $x
INFO [2019-02-06 12:56:26] TBX3843.39.40
INFO [2019-02-06 12:56:26] 
INFO [2019-02-06 12:56:26] $filename
INFO [2019-02-06 12:56:26] paste0(dir, "results/2019-02-05-venn-tbx3843.39.40-motifs.tiff")
INFO [2019-02-06 12:56:26] 
INFO [2019-02-06 12:56:26] $resolution
INFO [2019-02-06 12:56:26] [1] 300
INFO [2019-02-06 12:56:26] 
INFO [2019-02-06 12:56:26] $imagetype
INFO [2019-02-06 12:56:26] [1] "tiff"
INFO [2019-02-06 12:56:26] 
INFO [2019-02-06 12:56:26] $cex
INFO [2019-02-06 12:56:26] [1] 2.5
INFO [2019-02-06 12:56:26] 
INFO [2019-02-06 12:56:26] $fontfamily
INFO [2019-02-06 12:56:26] [1] "sans"
INFO [2019-02-06 12:56:26] 
INFO [2019-02-06 12:56:26] $cat.cex
INFO [2019-02-06 12:56:26] [1] 3
INFO [2019-02-06 12:56:26] 
INFO [2019-02-06 12:56:26] $cat.dist
INFO [2019-02-06 12:56:26] -0.025
INFO [2019-02-06 12:56:26] 
INFO [2019-02-06 12:56:26] $cat.fontfamily
INFO [2019-02-06 12:56:26] [1] "sans"
INFO [2019-02-06 12:56:26] 
INFO [2019-02-06 12:56:26] $euler.d
INFO [2019-02-06 12:56:26] [1] TRUE
INFO [2019-02-06 12:56:26] 
INFO [2019-02-06 12:56:26] $scaled
INFO [2019-02-06 12:56:26] [1] TRUE
INFO [2019-02-06 12:56:26] 
