INFO [2019-02-06 13:18:44] $x
INFO [2019-02-06 13:18:44] TBX3843
INFO [2019-02-06 13:18:44] 
INFO [2019-02-06 13:18:44] $filename
INFO [2019-02-06 13:18:44] paste0(dir, "results/2019-02-05-venn-tbx3843-motifs.tiff")
INFO [2019-02-06 13:18:44] 
INFO [2019-02-06 13:18:44] $height
INFO [2019-02-06 13:18:44] [1] 1.5
INFO [2019-02-06 13:18:44] 
INFO [2019-02-06 13:18:44] $width
INFO [2019-02-06 13:18:44] [1] 1.5
INFO [2019-02-06 13:18:44] 
INFO [2019-02-06 13:18:44] $units
INFO [2019-02-06 13:18:44] [1] "in"
INFO [2019-02-06 13:18:44] 
INFO [2019-02-06 13:18:44] $resolution
INFO [2019-02-06 13:18:44] [1] 300
INFO [2019-02-06 13:18:44] 
INFO [2019-02-06 13:18:44] $imagetype
INFO [2019-02-06 13:18:44] [1] "tiff"
INFO [2019-02-06 13:18:44] 
INFO [2019-02-06 13:18:44] $fill
INFO [2019-02-06 13:18:44] c("lightgrey", "darkgrey")
INFO [2019-02-06 13:18:44] 
INFO [2019-02-06 13:18:44] $cex
INFO [2019-02-06 13:18:44] [1] 0.75
INFO [2019-02-06 13:18:44] 
INFO [2019-02-06 13:18:44] $fontfamily
INFO [2019-02-06 13:18:44] [1] "sans"
INFO [2019-02-06 13:18:44] 
INFO [2019-02-06 13:18:44] $cat.cex
INFO [2019-02-06 13:18:44] [1] 0.75
INFO [2019-02-06 13:18:44] 
INFO [2019-02-06 13:18:44] $cat.pos
INFO [2019-02-06 13:18:44] c(0, 0)
INFO [2019-02-06 13:18:44] 
INFO [2019-02-06 13:18:44] $cat.dist
INFO [2019-02-06 13:18:44] -0.05
INFO [2019-02-06 13:18:44] 
INFO [2019-02-06 13:18:44] $cat.fontfamily
INFO [2019-02-06 13:18:44] [1] "sans"
INFO [2019-02-06 13:18:44] 
