INFO [2019-02-06 13:20:29] $x
INFO [2019-02-06 13:20:29] TBX3843
INFO [2019-02-06 13:20:29] 
INFO [2019-02-06 13:20:29] $filename
INFO [2019-02-06 13:20:29] paste0(dir, "results/2019-02-05-venn-tbx3843-motifs.tiff")
INFO [2019-02-06 13:20:29] 
INFO [2019-02-06 13:20:29] $height
INFO [2019-02-06 13:20:29] [1] 1
INFO [2019-02-06 13:20:29] 
INFO [2019-02-06 13:20:29] $width
INFO [2019-02-06 13:20:29] [1] 1
INFO [2019-02-06 13:20:29] 
INFO [2019-02-06 13:20:29] $units
INFO [2019-02-06 13:20:29] [1] "in"
INFO [2019-02-06 13:20:29] 
INFO [2019-02-06 13:20:29] $resolution
INFO [2019-02-06 13:20:29] [1] 300
INFO [2019-02-06 13:20:29] 
INFO [2019-02-06 13:20:29] $imagetype
INFO [2019-02-06 13:20:29] [1] "tiff"
INFO [2019-02-06 13:20:29] 
INFO [2019-02-06 13:20:29] $fill
INFO [2019-02-06 13:20:29] c("lightgrey", "darkgrey")
INFO [2019-02-06 13:20:29] 
INFO [2019-02-06 13:20:29] $cex
INFO [2019-02-06 13:20:29] [1] 0.75
INFO [2019-02-06 13:20:29] 
INFO [2019-02-06 13:20:29] $fontfamily
INFO [2019-02-06 13:20:29] [1] "sans"
INFO [2019-02-06 13:20:29] 
INFO [2019-02-06 13:20:29] $cat.cex
INFO [2019-02-06 13:20:29] [1] 0.75
INFO [2019-02-06 13:20:29] 
INFO [2019-02-06 13:20:29] $cat.pos
INFO [2019-02-06 13:20:29] c(0, 90)
INFO [2019-02-06 13:20:29] 
INFO [2019-02-06 13:20:29] $cat.dist
INFO [2019-02-06 13:20:29] c(-0.05, 0.15)
INFO [2019-02-06 13:20:29] 
INFO [2019-02-06 13:20:29] $cat.fontfamily
INFO [2019-02-06 13:20:29] [1] "sans"
INFO [2019-02-06 13:20:29] 
