INFO [2019-02-06 13:14:10] $x
INFO [2019-02-06 13:14:10] TBX3843
INFO [2019-02-06 13:14:10] 
INFO [2019-02-06 13:14:10] $filename
INFO [2019-02-06 13:14:10] paste0(dir, "results/2019-02-05-venn-tbx3843-motifs.tiff")
INFO [2019-02-06 13:14:10] 
INFO [2019-02-06 13:14:10] $height
INFO [2019-02-06 13:14:10] [1] 1
INFO [2019-02-06 13:14:10] 
INFO [2019-02-06 13:14:10] $width
INFO [2019-02-06 13:14:10] [1] 1
INFO [2019-02-06 13:14:10] 
INFO [2019-02-06 13:14:10] $units
INFO [2019-02-06 13:14:10] [1] "in"
INFO [2019-02-06 13:14:10] 
INFO [2019-02-06 13:14:10] $resolution
INFO [2019-02-06 13:14:10] [1] 300
INFO [2019-02-06 13:14:10] 
INFO [2019-02-06 13:14:10] $imagetype
INFO [2019-02-06 13:14:10] [1] "tiff"
INFO [2019-02-06 13:14:10] 
INFO [2019-02-06 13:14:10] $fill
INFO [2019-02-06 13:14:10] c("lightgrey", "darkgrey")
INFO [2019-02-06 13:14:10] 
INFO [2019-02-06 13:14:10] $fontfamily
INFO [2019-02-06 13:14:10] [1] "sans"
INFO [2019-02-06 13:14:10] 
INFO [2019-02-06 13:14:10] $cat.fontfamily
INFO [2019-02-06 13:14:10] [1] "sans"
INFO [2019-02-06 13:14:10] 
