INFO [2019-02-06 13:20:51] $x
INFO [2019-02-06 13:20:51] TBX3843
INFO [2019-02-06 13:20:51] 
INFO [2019-02-06 13:20:51] $filename
INFO [2019-02-06 13:20:51] paste0(dir, "results/2019-02-05-venn-tbx3843-motifs.tiff")
INFO [2019-02-06 13:20:51] 
INFO [2019-02-06 13:20:51] $height
INFO [2019-02-06 13:20:51] [1] 1.2
INFO [2019-02-06 13:20:51] 
INFO [2019-02-06 13:20:51] $width
INFO [2019-02-06 13:20:51] [1] 1.2
INFO [2019-02-06 13:20:51] 
INFO [2019-02-06 13:20:51] $units
INFO [2019-02-06 13:20:51] [1] "in"
INFO [2019-02-06 13:20:51] 
INFO [2019-02-06 13:20:51] $resolution
INFO [2019-02-06 13:20:51] [1] 300
INFO [2019-02-06 13:20:51] 
INFO [2019-02-06 13:20:51] $imagetype
INFO [2019-02-06 13:20:51] [1] "tiff"
INFO [2019-02-06 13:20:51] 
INFO [2019-02-06 13:20:51] $fill
INFO [2019-02-06 13:20:51] c("lightgrey", "darkgrey")
INFO [2019-02-06 13:20:51] 
INFO [2019-02-06 13:20:51] $cex
INFO [2019-02-06 13:20:51] [1] 0.75
INFO [2019-02-06 13:20:51] 
INFO [2019-02-06 13:20:51] $fontfamily
INFO [2019-02-06 13:20:51] [1] "sans"
INFO [2019-02-06 13:20:51] 
INFO [2019-02-06 13:20:51] $cat.cex
INFO [2019-02-06 13:20:51] [1] 0.75
INFO [2019-02-06 13:20:51] 
INFO [2019-02-06 13:20:51] $cat.pos
INFO [2019-02-06 13:20:51] c(0, 90)
INFO [2019-02-06 13:20:51] 
INFO [2019-02-06 13:20:51] $cat.dist
INFO [2019-02-06 13:20:51] c(-0.05, 0.1)
INFO [2019-02-06 13:20:51] 
INFO [2019-02-06 13:20:51] $cat.fontfamily
INFO [2019-02-06 13:20:51] [1] "sans"
INFO [2019-02-06 13:20:51] 
