INFO [2019-02-06 11:05:26] $x
INFO [2019-02-06 11:05:26] TBX
INFO [2019-02-06 11:05:26] 
INFO [2019-02-06 11:05:26] $filename
INFO [2019-02-06 11:05:26] paste0(dir, "results/2019-02-05-venn-tbx-four-motifs.tiff")
INFO [2019-02-06 11:05:26] 
INFO [2019-02-06 11:05:26] $resolution
INFO [2019-02-06 11:05:26] [1] 300
INFO [2019-02-06 11:05:26] 
INFO [2019-02-06 11:05:26] $imagetype
INFO [2019-02-06 11:05:26] [1] "tiff"
INFO [2019-02-06 11:05:26] 
INFO [2019-02-06 11:05:26] $lwd
INFO [2019-02-06 11:05:26] [1] 0
INFO [2019-02-06 11:05:26] 
INFO [2019-02-06 11:05:26] $fill
INFO [2019-02-06 11:05:26] c("magenta", "cyan", "yellow", "black")
INFO [2019-02-06 11:05:26] 
INFO [2019-02-06 11:05:26] $cex
INFO [2019-02-06 11:05:26] [1] 2.5
INFO [2019-02-06 11:05:26] 
INFO [2019-02-06 11:05:26] $fontfamily
INFO [2019-02-06 11:05:26] [1] "sans"
INFO [2019-02-06 11:05:26] 
INFO [2019-02-06 11:05:26] $cat.cex
INFO [2019-02-06 11:05:26] [1] 3
INFO [2019-02-06 11:05:26] 
INFO [2019-02-06 11:05:26] $cat.dist
INFO [2019-02-06 11:05:26] c(0.2, 0.2, 0.1, 0.1)
INFO [2019-02-06 11:05:26] 
INFO [2019-02-06 11:05:26] $cat.fontfamily
INFO [2019-02-06 11:05:26] [1] "sans"
INFO [2019-02-06 11:05:26] 
