INFO [2019-02-06 13:15:02] $x
INFO [2019-02-06 13:15:02] TBX3843
INFO [2019-02-06 13:15:02] 
INFO [2019-02-06 13:15:02] $filename
INFO [2019-02-06 13:15:02] paste0(dir, "results/2019-02-05-venn-tbx3843-motifs.tiff")
INFO [2019-02-06 13:15:02] 
INFO [2019-02-06 13:15:02] $height
INFO [2019-02-06 13:15:02] [1] 1
INFO [2019-02-06 13:15:02] 
INFO [2019-02-06 13:15:02] $width
INFO [2019-02-06 13:15:02] [1] 1
INFO [2019-02-06 13:15:02] 
INFO [2019-02-06 13:15:02] $units
INFO [2019-02-06 13:15:02] [1] "in"
INFO [2019-02-06 13:15:02] 
INFO [2019-02-06 13:15:02] $resolution
INFO [2019-02-06 13:15:02] [1] 300
INFO [2019-02-06 13:15:02] 
INFO [2019-02-06 13:15:02] $imagetype
INFO [2019-02-06 13:15:02] [1] "tiff"
INFO [2019-02-06 13:15:02] 
INFO [2019-02-06 13:15:02] $fill
INFO [2019-02-06 13:15:02] c("lightgrey", "darkgrey")
INFO [2019-02-06 13:15:02] 
INFO [2019-02-06 13:15:02] $fontfamily
INFO [2019-02-06 13:15:02] [1] "sans"
INFO [2019-02-06 13:15:02] 
INFO [2019-02-06 13:15:02] $cat.cex
INFO [2019-02-06 13:15:02] [1] 1
INFO [2019-02-06 13:15:02] 
INFO [2019-02-06 13:15:02] $cat.fontfamily
INFO [2019-02-06 13:15:02] [1] "sans"
INFO [2019-02-06 13:15:02] 
