INFO [2019-02-06 13:15:35] $x
INFO [2019-02-06 13:15:35] TBX3843
INFO [2019-02-06 13:15:35] 
INFO [2019-02-06 13:15:35] $filename
INFO [2019-02-06 13:15:35] paste0(dir, "results/2019-02-05-venn-tbx3843-motifs.tiff")
INFO [2019-02-06 13:15:35] 
INFO [2019-02-06 13:15:35] $height
INFO [2019-02-06 13:15:35] [1] 1
INFO [2019-02-06 13:15:35] 
INFO [2019-02-06 13:15:35] $width
INFO [2019-02-06 13:15:35] [1] 1
INFO [2019-02-06 13:15:35] 
INFO [2019-02-06 13:15:35] $units
INFO [2019-02-06 13:15:35] [1] "in"
INFO [2019-02-06 13:15:35] 
INFO [2019-02-06 13:15:35] $resolution
INFO [2019-02-06 13:15:35] [1] 300
INFO [2019-02-06 13:15:35] 
INFO [2019-02-06 13:15:35] $imagetype
INFO [2019-02-06 13:15:35] [1] "tiff"
INFO [2019-02-06 13:15:35] 
INFO [2019-02-06 13:15:35] $fill
INFO [2019-02-06 13:15:35] c("lightgrey", "darkgrey")
INFO [2019-02-06 13:15:35] 
INFO [2019-02-06 13:15:35] $fontfamily
INFO [2019-02-06 13:15:35] [1] "sans"
INFO [2019-02-06 13:15:35] 
INFO [2019-02-06 13:15:35] $cat.cex
INFO [2019-02-06 13:15:35] [1] 1
INFO [2019-02-06 13:15:35] 
INFO [2019-02-06 13:15:35] $cat.fontfamily
INFO [2019-02-06 13:15:35] [1] "sans"
INFO [2019-02-06 13:15:35] 
