INFO [2019-02-06 12:55:19] $x
INFO [2019-02-06 12:55:19] TBX3843.39.40
INFO [2019-02-06 12:55:19] 
INFO [2019-02-06 12:55:19] $filename
INFO [2019-02-06 12:55:19] paste0(dir, "results/2019-02-05-venn-tbx3843.39.40-motifs.tiff")
INFO [2019-02-06 12:55:19] 
INFO [2019-02-06 12:55:19] $resolution
INFO [2019-02-06 12:55:19] [1] 300
INFO [2019-02-06 12:55:19] 
INFO [2019-02-06 12:55:19] $imagetype
INFO [2019-02-06 12:55:19] [1] "tiff"
INFO [2019-02-06 12:55:19] 
INFO [2019-02-06 12:55:19] $cex
INFO [2019-02-06 12:55:19] [1] 2.5
INFO [2019-02-06 12:55:19] 
INFO [2019-02-06 12:55:19] $fontfamily
INFO [2019-02-06 12:55:19] [1] "sans"
INFO [2019-02-06 12:55:19] 
INFO [2019-02-06 12:55:19] $cat.cex
INFO [2019-02-06 12:55:19] [1] 3
INFO [2019-02-06 12:55:19] 
INFO [2019-02-06 12:55:19] $cat.dist
INFO [2019-02-06 12:55:19] -0.025
INFO [2019-02-06 12:55:19] 
INFO [2019-02-06 12:55:19] $cat.fontfamily
INFO [2019-02-06 12:55:19] [1] "sans"
INFO [2019-02-06 12:55:19] 
INFO [2019-02-06 12:55:19] $euler.d
INFO [2019-02-06 12:55:19] [1] TRUE
INFO [2019-02-06 12:55:19] 
