INFO [2019-02-05 15:38:56] $x
INFO [2019-02-05 15:38:56] TBX33.3843.3940
INFO [2019-02-05 15:38:56] 
INFO [2019-02-05 15:38:56] $filename
INFO [2019-02-05 15:38:56] paste0(dir, "results/2019-02-05-venn-tbx-five-motifs.tiff")
INFO [2019-02-05 15:38:56] 
INFO [2019-02-05 15:38:56] $resolution
INFO [2019-02-05 15:38:56] [1] 300
INFO [2019-02-05 15:38:56] 
INFO [2019-02-05 15:38:56] $imagetype
INFO [2019-02-05 15:38:56] [1] "tiff"
INFO [2019-02-05 15:38:56] 
INFO [2019-02-05 15:38:56] $fill
INFO [2019-02-05 15:38:56] c("lightgrey", "grey", "darkgrey")
INFO [2019-02-05 15:38:56] 
INFO [2019-02-05 15:38:56] $cex
INFO [2019-02-05 15:38:56] [1] 2.5
INFO [2019-02-05 15:38:56] 
INFO [2019-02-05 15:38:56] $fontfamily
INFO [2019-02-05 15:38:56] [1] "sans"
INFO [2019-02-05 15:38:56] 
INFO [2019-02-05 15:38:56] $cat.cex
INFO [2019-02-05 15:38:56] [1] 3
INFO [2019-02-05 15:38:56] 
INFO [2019-02-05 15:38:56] $cat.pos
INFO [2019-02-05 15:38:56] c(0, 0, 180)
INFO [2019-02-05 15:38:56] 
INFO [2019-02-05 15:38:56] $cat.dist
INFO [2019-02-05 15:38:56] -0.025
INFO [2019-02-05 15:38:56] 
INFO [2019-02-05 15:38:56] $cat.fontfamily
INFO [2019-02-05 15:38:56] [1] "sans"
INFO [2019-02-05 15:38:56] 
