INFO [2019-02-06 13:00:23] $x
INFO [2019-02-06 13:00:23] TBX3843.39.40
INFO [2019-02-06 13:00:23] 
INFO [2019-02-06 13:00:23] $filename
INFO [2019-02-06 13:00:23] paste0(dir, "results/2019-02-05-venn-tbx3843.39.40-motifs.tiff")
INFO [2019-02-06 13:00:23] 
INFO [2019-02-06 13:00:23] $resolution
INFO [2019-02-06 13:00:23] [1] 300
INFO [2019-02-06 13:00:23] 
INFO [2019-02-06 13:00:23] $imagetype
INFO [2019-02-06 13:00:23] [1] "tiff"
INFO [2019-02-06 13:00:23] 
INFO [2019-02-06 13:00:23] $euler.d
INFO [2019-02-06 13:00:23] [1] FALSE
INFO [2019-02-06 13:00:23] 
INFO [2019-02-06 13:00:23] [[6]]
INFO [2019-02-06 13:00:23] 
INFO [2019-02-06 13:00:23] 
ERROR [2019-02-06 13:00:23] Uninterpretable parameter combination
Please set both euler.d = FALSE and scaled = FALSE to force Venn diagrams.
