INFO [2019-02-06 11:19:25] $x
INFO [2019-02-06 11:19:25] TBX
INFO [2019-02-06 11:19:25] 
INFO [2019-02-06 11:19:25] $filename
INFO [2019-02-06 11:19:25] paste0(dir, "results/2019-02-05-venn-tbx-four-motifs.tiff")
INFO [2019-02-06 11:19:25] 
INFO [2019-02-06 11:19:25] $resolution
INFO [2019-02-06 11:19:25] [1] 300
INFO [2019-02-06 11:19:25] 
INFO [2019-02-06 11:19:25] $imagetype
INFO [2019-02-06 11:19:25] [1] "tiff"
INFO [2019-02-06 11:19:25] 
INFO [2019-02-06 11:19:25] $lwd
INFO [2019-02-06 11:19:25] [1] 5
INFO [2019-02-06 11:19:25] 
INFO [2019-02-06 11:19:25] $fill
INFO [2019-02-06 11:19:25] c("magenta", "cyan", "yellow", "black")
INFO [2019-02-06 11:19:25] 
INFO [2019-02-06 11:19:25] $cex
INFO [2019-02-06 11:19:25] [1] 2.5
INFO [2019-02-06 11:19:25] 
INFO [2019-02-06 11:19:25] $fontfamily
INFO [2019-02-06 11:19:25] [1] "sans"
INFO [2019-02-06 11:19:25] 
INFO [2019-02-06 11:19:25] $cat.cex
INFO [2019-02-06 11:19:25] [1] 3
INFO [2019-02-06 11:19:25] 
INFO [2019-02-06 11:19:25] $cat.dist
INFO [2019-02-06 11:19:25] c(0.2, 0.2, 0.1, 0.1)
INFO [2019-02-06 11:19:25] 
INFO [2019-02-06 11:19:25] $cat.fontfamily
INFO [2019-02-06 11:19:25] [1] "sans"
INFO [2019-02-06 11:19:25] 
