INFO [2019-02-06 13:17:33] $x
INFO [2019-02-06 13:17:33] TBX3843
INFO [2019-02-06 13:17:33] 
INFO [2019-02-06 13:17:33] $filename
INFO [2019-02-06 13:17:33] paste0(dir, "results/2019-02-05-venn-tbx3843-motifs.tiff")
INFO [2019-02-06 13:17:33] 
INFO [2019-02-06 13:17:33] $height
INFO [2019-02-06 13:17:33] [1] 1.5
INFO [2019-02-06 13:17:33] 
INFO [2019-02-06 13:17:33] $width
INFO [2019-02-06 13:17:33] [1] 1.5
INFO [2019-02-06 13:17:33] 
INFO [2019-02-06 13:17:33] $units
INFO [2019-02-06 13:17:33] [1] "in"
INFO [2019-02-06 13:17:33] 
INFO [2019-02-06 13:17:33] $resolution
INFO [2019-02-06 13:17:33] [1] 300
INFO [2019-02-06 13:17:33] 
INFO [2019-02-06 13:17:33] $imagetype
INFO [2019-02-06 13:17:33] [1] "tiff"
INFO [2019-02-06 13:17:33] 
INFO [2019-02-06 13:17:33] $fill
INFO [2019-02-06 13:17:33] c("lightgrey", "darkgrey")
INFO [2019-02-06 13:17:33] 
INFO [2019-02-06 13:17:33] $fontfamily
INFO [2019-02-06 13:17:33] [1] "sans"
INFO [2019-02-06 13:17:33] 
INFO [2019-02-06 13:17:33] $cat.cex
INFO [2019-02-06 13:17:33] [1] 0.75
INFO [2019-02-06 13:17:33] 
INFO [2019-02-06 13:17:33] $cat.pos
INFO [2019-02-06 13:17:33] c(0, 0)
INFO [2019-02-06 13:17:33] 
INFO [2019-02-06 13:17:33] $cat.dist
INFO [2019-02-06 13:17:33] c(-0.05, -0.05)
INFO [2019-02-06 13:17:33] 
INFO [2019-02-06 13:17:33] $cat.fontfamily
INFO [2019-02-06 13:17:33] [1] "sans"
INFO [2019-02-06 13:17:33] 
