INFO [2019-02-06 13:00:18] $x
INFO [2019-02-06 13:00:18] TBX3843.39.40
INFO [2019-02-06 13:00:18] 
INFO [2019-02-06 13:00:18] $filename
INFO [2019-02-06 13:00:18] paste0(dir, "results/2019-02-05-venn-tbx3843.39.40-motifs.tiff")
INFO [2019-02-06 13:00:18] 
INFO [2019-02-06 13:00:18] $resolution
INFO [2019-02-06 13:00:18] [1] 300
INFO [2019-02-06 13:00:18] 
INFO [2019-02-06 13:00:18] $imagetype
INFO [2019-02-06 13:00:18] [1] "tiff"
INFO [2019-02-06 13:00:18] 
INFO [2019-02-06 13:00:18] $euler.d
INFO [2019-02-06 13:00:18] [1] FALSE
INFO [2019-02-06 13:00:18] 
INFO [2019-02-06 13:00:18] $scaled
INFO [2019-02-06 13:00:18] [1] TRUE
INFO [2019-02-06 13:00:18] 
ERROR [2019-02-06 13:00:18] Uninterpretable parameter combination
Please set both euler.d = FALSE and scaled = FALSE to force Venn diagrams.
