INFO [2019-02-06 13:19:59] $x
INFO [2019-02-06 13:19:59] TBX3843
INFO [2019-02-06 13:19:59] 
INFO [2019-02-06 13:19:59] $filename
INFO [2019-02-06 13:19:59] paste0(dir, "results/2019-02-05-venn-tbx3843-motifs.tiff")
INFO [2019-02-06 13:19:59] 
INFO [2019-02-06 13:19:59] $height
INFO [2019-02-06 13:19:59] [1] 1
INFO [2019-02-06 13:19:59] 
INFO [2019-02-06 13:19:59] $width
INFO [2019-02-06 13:19:59] [1] 1
INFO [2019-02-06 13:19:59] 
INFO [2019-02-06 13:19:59] $units
INFO [2019-02-06 13:19:59] [1] "in"
INFO [2019-02-06 13:19:59] 
INFO [2019-02-06 13:19:59] $resolution
INFO [2019-02-06 13:19:59] [1] 300
INFO [2019-02-06 13:19:59] 
INFO [2019-02-06 13:19:59] $imagetype
INFO [2019-02-06 13:19:59] [1] "tiff"
INFO [2019-02-06 13:19:59] 
INFO [2019-02-06 13:19:59] $fill
INFO [2019-02-06 13:19:59] c("lightgrey", "darkgrey")
INFO [2019-02-06 13:19:59] 
INFO [2019-02-06 13:19:59] $cex
INFO [2019-02-06 13:19:59] [1] 0.75
INFO [2019-02-06 13:19:59] 
INFO [2019-02-06 13:19:59] $fontfamily
INFO [2019-02-06 13:19:59] [1] "sans"
INFO [2019-02-06 13:19:59] 
INFO [2019-02-06 13:19:59] $cat.cex
INFO [2019-02-06 13:19:59] [1] 0.75
INFO [2019-02-06 13:19:59] 
INFO [2019-02-06 13:19:59] $cat.pos
INFO [2019-02-06 13:19:59] c(0, 90)
INFO [2019-02-06 13:19:59] 
INFO [2019-02-06 13:19:59] $cat.dist
INFO [2019-02-06 13:19:59] c(-0.05, 0)
INFO [2019-02-06 13:19:59] 
INFO [2019-02-06 13:19:59] $cat.fontfamily
INFO [2019-02-06 13:19:59] [1] "sans"
INFO [2019-02-06 13:19:59] 
