INFO [2019-02-06 11:05:54] $x
INFO [2019-02-06 11:05:54] TBX
INFO [2019-02-06 11:05:54] 
INFO [2019-02-06 11:05:54] $filename
INFO [2019-02-06 11:05:54] paste0(dir, "results/2019-02-05-venn-tbx-four-motifs.tiff")
INFO [2019-02-06 11:05:54] 
INFO [2019-02-06 11:05:54] $resolution
INFO [2019-02-06 11:05:54] [1] 300
INFO [2019-02-06 11:05:54] 
INFO [2019-02-06 11:05:54] $imagetype
INFO [2019-02-06 11:05:54] [1] "tiff"
INFO [2019-02-06 11:05:54] 
INFO [2019-02-06 11:05:54] $lwd
INFO [2019-02-06 11:05:54] [1] 5
INFO [2019-02-06 11:05:54] 
INFO [2019-02-06 11:05:54] $fill
INFO [2019-02-06 11:05:54] c("magenta", "cyan", "yellow", "black")
INFO [2019-02-06 11:05:54] 
INFO [2019-02-06 11:05:54] $cex
INFO [2019-02-06 11:05:54] [1] 2.5
INFO [2019-02-06 11:05:54] 
INFO [2019-02-06 11:05:54] $fontfamily
INFO [2019-02-06 11:05:54] [1] "sans"
INFO [2019-02-06 11:05:54] 
INFO [2019-02-06 11:05:54] $cat.cex
INFO [2019-02-06 11:05:54] [1] 3
INFO [2019-02-06 11:05:54] 
INFO [2019-02-06 11:05:54] $cat.dist
INFO [2019-02-06 11:05:54] c(0.2, 0.2, 0.1, 0.1)
INFO [2019-02-06 11:05:54] 
INFO [2019-02-06 11:05:54] $cat.fontfamily
INFO [2019-02-06 11:05:54] [1] "sans"
INFO [2019-02-06 11:05:54] 
