INFO [2019-02-06 13:16:52] $x
INFO [2019-02-06 13:16:52] TBX3843
INFO [2019-02-06 13:16:52] 
INFO [2019-02-06 13:16:52] $filename
INFO [2019-02-06 13:16:52] paste0(dir, "results/2019-02-05-venn-tbx3843-motifs.tiff")
INFO [2019-02-06 13:16:52] 
INFO [2019-02-06 13:16:52] $height
INFO [2019-02-06 13:16:52] [1] 1
INFO [2019-02-06 13:16:52] 
INFO [2019-02-06 13:16:52] $width
INFO [2019-02-06 13:16:52] [1] 1
INFO [2019-02-06 13:16:52] 
INFO [2019-02-06 13:16:52] $units
INFO [2019-02-06 13:16:52] [1] "in"
INFO [2019-02-06 13:16:52] 
INFO [2019-02-06 13:16:52] $resolution
INFO [2019-02-06 13:16:52] [1] 300
INFO [2019-02-06 13:16:52] 
INFO [2019-02-06 13:16:52] $imagetype
INFO [2019-02-06 13:16:52] [1] "tiff"
INFO [2019-02-06 13:16:52] 
INFO [2019-02-06 13:16:52] $fill
INFO [2019-02-06 13:16:52] c("lightgrey", "darkgrey")
INFO [2019-02-06 13:16:52] 
INFO [2019-02-06 13:16:52] $fontfamily
INFO [2019-02-06 13:16:52] [1] "sans"
INFO [2019-02-06 13:16:52] 
INFO [2019-02-06 13:16:52] $cat.cex
INFO [2019-02-06 13:16:52] [1] 0.75
INFO [2019-02-06 13:16:52] 
INFO [2019-02-06 13:16:52] $cat.pos
INFO [2019-02-06 13:16:52] c(0, 0)
INFO [2019-02-06 13:16:52] 
INFO [2019-02-06 13:16:52] $cat.dist
INFO [2019-02-06 13:16:52] c(-0.05, -0.05)
INFO [2019-02-06 13:16:52] 
INFO [2019-02-06 13:16:52] $cat.fontfamily
INFO [2019-02-06 13:16:52] [1] "sans"
INFO [2019-02-06 13:16:52] 
