INFO [2019-02-06 13:27:16] $x
INFO [2019-02-06 13:27:16] TBX3843
INFO [2019-02-06 13:27:16] 
INFO [2019-02-06 13:27:16] $filename
INFO [2019-02-06 13:27:16] paste0(dir, "results/2019-02-05-venn-tbx3843-motifs.tiff")
INFO [2019-02-06 13:27:16] 
INFO [2019-02-06 13:27:16] $height
INFO [2019-02-06 13:27:16] [1] 1.5
INFO [2019-02-06 13:27:16] 
INFO [2019-02-06 13:27:16] $width
INFO [2019-02-06 13:27:16] [1] 1.5
INFO [2019-02-06 13:27:16] 
INFO [2019-02-06 13:27:16] $units
INFO [2019-02-06 13:27:16] [1] "in"
INFO [2019-02-06 13:27:16] 
INFO [2019-02-06 13:27:16] $resolution
INFO [2019-02-06 13:27:16] [1] 300
INFO [2019-02-06 13:27:16] 
INFO [2019-02-06 13:27:16] $imagetype
INFO [2019-02-06 13:27:16] [1] "tiff"
INFO [2019-02-06 13:27:16] 
INFO [2019-02-06 13:27:16] $fill
INFO [2019-02-06 13:27:16] c("lightgrey", "darkgrey")
INFO [2019-02-06 13:27:16] 
INFO [2019-02-06 13:27:16] $cex
INFO [2019-02-06 13:27:16] [1] 0.75
INFO [2019-02-06 13:27:16] 
INFO [2019-02-06 13:27:16] $fontfamily
INFO [2019-02-06 13:27:16] [1] "sans"
INFO [2019-02-06 13:27:16] 
INFO [2019-02-06 13:27:16] $cat.cex
INFO [2019-02-06 13:27:16] [1] 0.75
INFO [2019-02-06 13:27:16] 
INFO [2019-02-06 13:27:16] $cat.pos
INFO [2019-02-06 13:27:16] c(0, 90)
INFO [2019-02-06 13:27:16] 
INFO [2019-02-06 13:27:16] $cat.default.pos
INFO [2019-02-06 13:27:16] [1] "outer"
INFO [2019-02-06 13:27:16] 
INFO [2019-02-06 13:27:16] $cat.dist
INFO [2019-02-06 13:27:16] c(+0.04, 0.11)
INFO [2019-02-06 13:27:16] 
INFO [2019-02-06 13:27:16] $cat.fontfamily
INFO [2019-02-06 13:27:16] [1] "sans"
INFO [2019-02-06 13:27:16] 
