INFO [2019-02-06 13:14:48] $x
INFO [2019-02-06 13:14:48] TBX3843
INFO [2019-02-06 13:14:48] 
INFO [2019-02-06 13:14:48] $filename
INFO [2019-02-06 13:14:48] paste0(dir, "results/2019-02-05-venn-tbx3843-motifs.tiff")
INFO [2019-02-06 13:14:48] 
INFO [2019-02-06 13:14:48] $height
INFO [2019-02-06 13:14:48] [1] 1
INFO [2019-02-06 13:14:48] 
INFO [2019-02-06 13:14:48] $width
INFO [2019-02-06 13:14:48] [1] 1
INFO [2019-02-06 13:14:48] 
INFO [2019-02-06 13:14:48] $units
INFO [2019-02-06 13:14:48] [1] "in"
INFO [2019-02-06 13:14:48] 
INFO [2019-02-06 13:14:48] $resolution
INFO [2019-02-06 13:14:48] [1] 300
INFO [2019-02-06 13:14:48] 
INFO [2019-02-06 13:14:48] $imagetype
INFO [2019-02-06 13:14:48] [1] "tiff"
INFO [2019-02-06 13:14:48] 
INFO [2019-02-06 13:14:48] $fill
INFO [2019-02-06 13:14:48] c("lightgrey", "darkgrey")
INFO [2019-02-06 13:14:48] 
INFO [2019-02-06 13:14:48] $cex
INFO [2019-02-06 13:14:48] [1] 1
INFO [2019-02-06 13:14:48] 
INFO [2019-02-06 13:14:48] $fontfamily
INFO [2019-02-06 13:14:48] [1] "sans"
INFO [2019-02-06 13:14:48] 
INFO [2019-02-06 13:14:48] $cat.fontfamily
INFO [2019-02-06 13:14:48] [1] "sans"
INFO [2019-02-06 13:14:48] 
