INFO [2019-02-06 13:18:20] $x
INFO [2019-02-06 13:18:20] TBX3843
INFO [2019-02-06 13:18:20] 
INFO [2019-02-06 13:18:20] $filename
INFO [2019-02-06 13:18:20] paste0(dir, "results/2019-02-05-venn-tbx3843-motifs.tiff")
INFO [2019-02-06 13:18:20] 
INFO [2019-02-06 13:18:20] $height
INFO [2019-02-06 13:18:20] [1] 1.5
INFO [2019-02-06 13:18:20] 
INFO [2019-02-06 13:18:20] $width
INFO [2019-02-06 13:18:20] [1] 1
INFO [2019-02-06 13:18:20] 
INFO [2019-02-06 13:18:20] $units
INFO [2019-02-06 13:18:20] [1] "in"
INFO [2019-02-06 13:18:20] 
INFO [2019-02-06 13:18:20] $resolution
INFO [2019-02-06 13:18:20] [1] 300
INFO [2019-02-06 13:18:20] 
INFO [2019-02-06 13:18:20] $imagetype
INFO [2019-02-06 13:18:20] [1] "tiff"
INFO [2019-02-06 13:18:20] 
INFO [2019-02-06 13:18:20] $fill
INFO [2019-02-06 13:18:20] c("lightgrey", "darkgrey")
INFO [2019-02-06 13:18:20] 
INFO [2019-02-06 13:18:20] $fontfamily
INFO [2019-02-06 13:18:20] [1] "sans"
INFO [2019-02-06 13:18:20] 
INFO [2019-02-06 13:18:20] $cat.cex
INFO [2019-02-06 13:18:20] [1] 0.75
INFO [2019-02-06 13:18:20] 
INFO [2019-02-06 13:18:20] $cat.pos
INFO [2019-02-06 13:18:20] c(0, 0)
INFO [2019-02-06 13:18:20] 
INFO [2019-02-06 13:18:20] $cat.dist
INFO [2019-02-06 13:18:20] -0.05
INFO [2019-02-06 13:18:20] 
INFO [2019-02-06 13:18:20] $cat.fontfamily
INFO [2019-02-06 13:18:20] [1] "sans"
INFO [2019-02-06 13:18:20] 
