INFO [2019-02-06 13:16:22] $x
INFO [2019-02-06 13:16:22] TBX3843
INFO [2019-02-06 13:16:22] 
INFO [2019-02-06 13:16:22] $filename
INFO [2019-02-06 13:16:22] paste0(dir, "results/2019-02-05-venn-tbx3843-motifs.tiff")
INFO [2019-02-06 13:16:22] 
INFO [2019-02-06 13:16:22] $height
INFO [2019-02-06 13:16:22] [1] 1
INFO [2019-02-06 13:16:22] 
INFO [2019-02-06 13:16:22] $width
INFO [2019-02-06 13:16:22] [1] 1
INFO [2019-02-06 13:16:22] 
INFO [2019-02-06 13:16:22] $units
INFO [2019-02-06 13:16:22] [1] "in"
INFO [2019-02-06 13:16:22] 
INFO [2019-02-06 13:16:22] $resolution
INFO [2019-02-06 13:16:22] [1] 300
INFO [2019-02-06 13:16:22] 
INFO [2019-02-06 13:16:22] $imagetype
INFO [2019-02-06 13:16:22] [1] "tiff"
INFO [2019-02-06 13:16:22] 
INFO [2019-02-06 13:16:22] $fill
INFO [2019-02-06 13:16:22] c("lightgrey", "darkgrey")
INFO [2019-02-06 13:16:22] 
INFO [2019-02-06 13:16:22] $fontfamily
INFO [2019-02-06 13:16:22] [1] "sans"
INFO [2019-02-06 13:16:22] 
INFO [2019-02-06 13:16:22] $cat.cex
INFO [2019-02-06 13:16:22] [1] 1
INFO [2019-02-06 13:16:22] 
INFO [2019-02-06 13:16:22] $cat.pos
INFO [2019-02-06 13:16:22] c(0, 0)
INFO [2019-02-06 13:16:22] 
INFO [2019-02-06 13:16:22] $cat.dist
INFO [2019-02-06 13:16:22] c(-0.5, -0.5)
INFO [2019-02-06 13:16:22] 
INFO [2019-02-06 13:16:22] $cat.fontfamily
INFO [2019-02-06 13:16:22] [1] "sans"
INFO [2019-02-06 13:16:22] 
