INFO [2019-02-06 13:20:39] $x
INFO [2019-02-06 13:20:39] TBX3843
INFO [2019-02-06 13:20:39] 
INFO [2019-02-06 13:20:39] $filename
INFO [2019-02-06 13:20:39] paste0(dir, "results/2019-02-05-venn-tbx3843-motifs.tiff")
INFO [2019-02-06 13:20:39] 
INFO [2019-02-06 13:20:39] $height
INFO [2019-02-06 13:20:39] [1] 1.2
INFO [2019-02-06 13:20:39] 
INFO [2019-02-06 13:20:39] $width
INFO [2019-02-06 13:20:39] [1] 1.2
INFO [2019-02-06 13:20:39] 
INFO [2019-02-06 13:20:39] $units
INFO [2019-02-06 13:20:39] [1] "in"
INFO [2019-02-06 13:20:39] 
INFO [2019-02-06 13:20:39] $resolution
INFO [2019-02-06 13:20:39] [1] 300
INFO [2019-02-06 13:20:39] 
INFO [2019-02-06 13:20:39] $imagetype
INFO [2019-02-06 13:20:39] [1] "tiff"
INFO [2019-02-06 13:20:39] 
INFO [2019-02-06 13:20:39] $fill
INFO [2019-02-06 13:20:39] c("lightgrey", "darkgrey")
INFO [2019-02-06 13:20:39] 
INFO [2019-02-06 13:20:39] $cex
INFO [2019-02-06 13:20:39] [1] 0.75
INFO [2019-02-06 13:20:39] 
INFO [2019-02-06 13:20:39] $fontfamily
INFO [2019-02-06 13:20:39] [1] "sans"
INFO [2019-02-06 13:20:39] 
INFO [2019-02-06 13:20:39] $cat.cex
INFO [2019-02-06 13:20:39] [1] 0.75
INFO [2019-02-06 13:20:39] 
INFO [2019-02-06 13:20:39] $cat.pos
INFO [2019-02-06 13:20:39] c(0, 90)
INFO [2019-02-06 13:20:39] 
INFO [2019-02-06 13:20:39] $cat.dist
INFO [2019-02-06 13:20:39] c(-0.05, 0.15)
INFO [2019-02-06 13:20:39] 
INFO [2019-02-06 13:20:39] $cat.fontfamily
INFO [2019-02-06 13:20:39] [1] "sans"
INFO [2019-02-06 13:20:39] 
