INFO [2019-02-06 11:03:03] $x
INFO [2019-02-06 11:03:03] TBX
INFO [2019-02-06 11:03:03] 
INFO [2019-02-06 11:03:03] $filename
INFO [2019-02-06 11:03:03] paste0(dir, "results/2019-02-05-venn-tbx-four-motifs.tiff")
INFO [2019-02-06 11:03:03] 
INFO [2019-02-06 11:03:03] $resolution
INFO [2019-02-06 11:03:03] [1] 300
INFO [2019-02-06 11:03:03] 
INFO [2019-02-06 11:03:03] $imagetype
INFO [2019-02-06 11:03:03] [1] "tiff"
INFO [2019-02-06 11:03:03] 
INFO [2019-02-06 11:03:03] $lwd
INFO [2019-02-06 11:03:03] [1] 1
INFO [2019-02-06 11:03:03] 
INFO [2019-02-06 11:03:03] $fill
INFO [2019-02-06 11:03:03] c("magenta", "cyan", "yellow", "black")
INFO [2019-02-06 11:03:03] 
INFO [2019-02-06 11:03:03] $cex
INFO [2019-02-06 11:03:03] [1] 2.5
INFO [2019-02-06 11:03:03] 
INFO [2019-02-06 11:03:03] $fontfamily
INFO [2019-02-06 11:03:03] [1] "sans"
INFO [2019-02-06 11:03:03] 
INFO [2019-02-06 11:03:03] $cat.cex
INFO [2019-02-06 11:03:03] [1] 3
INFO [2019-02-06 11:03:03] 
INFO [2019-02-06 11:03:03] $cat.dist
INFO [2019-02-06 11:03:03] c(0.2, 0.2, 0.1, 0.1)
INFO [2019-02-06 11:03:03] 
INFO [2019-02-06 11:03:03] $cat.fontfamily
INFO [2019-02-06 11:03:03] [1] "sans"
INFO [2019-02-06 11:03:03] 
