INFO [2019-02-06 13:15:09] $x
INFO [2019-02-06 13:15:09] TBX3843
INFO [2019-02-06 13:15:09] 
INFO [2019-02-06 13:15:09] $filename
INFO [2019-02-06 13:15:09] paste0(dir, "results/2019-02-05-venn-tbx3843-motifs.tiff")
INFO [2019-02-06 13:15:09] 
INFO [2019-02-06 13:15:09] $height
INFO [2019-02-06 13:15:09] [1] 1
INFO [2019-02-06 13:15:09] 
INFO [2019-02-06 13:15:09] $width
INFO [2019-02-06 13:15:09] [1] 1
INFO [2019-02-06 13:15:09] 
INFO [2019-02-06 13:15:09] $units
INFO [2019-02-06 13:15:09] [1] "in"
INFO [2019-02-06 13:15:09] 
INFO [2019-02-06 13:15:09] $resolution
INFO [2019-02-06 13:15:09] [1] 300
INFO [2019-02-06 13:15:09] 
INFO [2019-02-06 13:15:09] $imagetype
INFO [2019-02-06 13:15:09] [1] "tiff"
INFO [2019-02-06 13:15:09] 
INFO [2019-02-06 13:15:09] $fill
INFO [2019-02-06 13:15:09] c("lightgrey", "darkgrey")
INFO [2019-02-06 13:15:09] 
INFO [2019-02-06 13:15:09] $fontfamily
INFO [2019-02-06 13:15:09] [1] "sans"
INFO [2019-02-06 13:15:09] 
INFO [2019-02-06 13:15:09] $cat.cex
INFO [2019-02-06 13:15:09] [1] 0.5
INFO [2019-02-06 13:15:09] 
INFO [2019-02-06 13:15:09] $cat.fontfamily
INFO [2019-02-06 13:15:09] [1] "sans"
INFO [2019-02-06 13:15:09] 
