INFO [2019-02-06 13:13:45] $x
INFO [2019-02-06 13:13:45] TBX3843
INFO [2019-02-06 13:13:45] 
INFO [2019-02-06 13:13:45] $filename
INFO [2019-02-06 13:13:45] paste0(dir, "results/2019-02-05-venn-tbx3843-motifs.tiff")
INFO [2019-02-06 13:13:45] 
INFO [2019-02-06 13:13:45] $height
INFO [2019-02-06 13:13:45] [1] 1
INFO [2019-02-06 13:13:45] 
INFO [2019-02-06 13:13:45] $width
INFO [2019-02-06 13:13:45] [1] 1
INFO [2019-02-06 13:13:45] 
INFO [2019-02-06 13:13:45] $units
INFO [2019-02-06 13:13:45] [1] "in"
INFO [2019-02-06 13:13:45] 
INFO [2019-02-06 13:13:45] $resolution
INFO [2019-02-06 13:13:45] [1] 300
INFO [2019-02-06 13:13:45] 
INFO [2019-02-06 13:13:45] $imagetype
INFO [2019-02-06 13:13:45] [1] "tiff"
INFO [2019-02-06 13:13:45] 
INFO [2019-02-06 13:13:45] $fill
INFO [2019-02-06 13:13:45] c("lightgrey", "darkgrey")
INFO [2019-02-06 13:13:45] 
INFO [2019-02-06 13:13:45] $cex
INFO [2019-02-06 13:13:45] [1] 2.5
INFO [2019-02-06 13:13:45] 
INFO [2019-02-06 13:13:45] $fontfamily
INFO [2019-02-06 13:13:45] [1] "sans"
INFO [2019-02-06 13:13:45] 
INFO [2019-02-06 13:13:45] $cat.cex
INFO [2019-02-06 13:13:45] [1] 3
INFO [2019-02-06 13:13:45] 
INFO [2019-02-06 13:13:45] $cat.pos
INFO [2019-02-06 13:13:45] c(0, 0)
INFO [2019-02-06 13:13:45] 
INFO [2019-02-06 13:13:45] $cat.dist
INFO [2019-02-06 13:13:45] -0.025
INFO [2019-02-06 13:13:45] 
INFO [2019-02-06 13:13:45] $cat.fontfamily
INFO [2019-02-06 13:13:45] [1] "sans"
INFO [2019-02-06 13:13:45] 
