INFO [2019-02-06 13:07:43] $x
INFO [2019-02-06 13:07:43] TBX3843.39.40
INFO [2019-02-06 13:07:43] 
INFO [2019-02-06 13:07:43] $filename
INFO [2019-02-06 13:07:43] paste0(dir, "results/2019-02-05-venn-tbx3843.39.40-motifs.tiff")
INFO [2019-02-06 13:07:43] 
INFO [2019-02-06 13:07:43] $resolution
INFO [2019-02-06 13:07:43] [1] 300
INFO [2019-02-06 13:07:43] 
INFO [2019-02-06 13:07:43] $imagetype
INFO [2019-02-06 13:07:43] [1] "tiff"
INFO [2019-02-06 13:07:43] 
INFO [2019-02-06 13:07:43] $euler.d
INFO [2019-02-06 13:07:43] [1] TRUE
INFO [2019-02-06 13:07:43] 
INFO [2019-02-06 13:07:43] $overrideTriple
INFO [2019-02-06 13:07:43] [1] TRUE
INFO [2019-02-06 13:07:43] 
INFO [2019-02-06 13:07:43] [[7]]
INFO [2019-02-06 13:07:43] 
INFO [2019-02-06 13:07:43] 
