INFO [2019-02-05 17:49:07] $x
INFO [2019-02-05 17:49:07] TBX
INFO [2019-02-05 17:49:07] 
INFO [2019-02-05 17:49:07] $filename
INFO [2019-02-05 17:49:07] paste0(dir, "results/2019-02-05-venn-tbx-four-motifs.tiff")
INFO [2019-02-05 17:49:07] 
INFO [2019-02-05 17:49:07] $resolution
INFO [2019-02-05 17:49:07] [1] 300
INFO [2019-02-05 17:49:07] 
INFO [2019-02-05 17:49:07] $imagetype
INFO [2019-02-05 17:49:07] [1] "tiff"
INFO [2019-02-05 17:49:07] 
INFO [2019-02-05 17:49:07] $fill
INFO [2019-02-05 17:49:07] c("magenta", "cyan", "yellow", "black")
INFO [2019-02-05 17:49:07] 
INFO [2019-02-05 17:49:07] $cex
INFO [2019-02-05 17:49:07] [1] 2.5
INFO [2019-02-05 17:49:07] 
INFO [2019-02-05 17:49:07] $fontfamily
INFO [2019-02-05 17:49:07] [1] "sans"
INFO [2019-02-05 17:49:07] 
INFO [2019-02-05 17:49:07] $cat.cex
INFO [2019-02-05 17:49:07] [1] 3
INFO [2019-02-05 17:49:07] 
INFO [2019-02-05 17:49:07] $cat.dist
INFO [2019-02-05 17:49:07] c(0.2, 0.2, 0.1, 0.1)
INFO [2019-02-05 17:49:07] 
INFO [2019-02-05 17:49:07] $cat.fontfamily
INFO [2019-02-05 17:49:07] [1] "sans"
INFO [2019-02-05 17:49:07] 
