INFO [2019-02-05 15:23:46] $x
INFO [2019-02-05 15:23:46] TBX3940
INFO [2019-02-05 15:23:46] 
INFO [2019-02-05 15:23:46] $filename
INFO [2019-02-05 15:23:46] paste0(dir, "results/2019-02-05-venn-tbx3940-motifs.tiff")
INFO [2019-02-05 15:23:46] 
INFO [2019-02-05 15:23:46] $resolution
INFO [2019-02-05 15:23:46] [1] 300
INFO [2019-02-05 15:23:46] 
INFO [2019-02-05 15:23:46] $imagetype
INFO [2019-02-05 15:23:46] [1] "tiff"
INFO [2019-02-05 15:23:46] 
INFO [2019-02-05 15:23:46] $fill
INFO [2019-02-05 15:23:46] c("lightgrey", "darkgrey")
INFO [2019-02-05 15:23:46] 
INFO [2019-02-05 15:23:46] $cex
INFO [2019-02-05 15:23:46] [1] 2.5
INFO [2019-02-05 15:23:46] 
INFO [2019-02-05 15:23:46] $fontfamily
INFO [2019-02-05 15:23:46] [1] "sans"
INFO [2019-02-05 15:23:46] 
INFO [2019-02-05 15:23:46] $cat.cex
INFO [2019-02-05 15:23:46] [1] 3
INFO [2019-02-05 15:23:46] 
INFO [2019-02-05 15:23:46] $cat.pos
INFO [2019-02-05 15:23:46] c(0, 0)
INFO [2019-02-05 15:23:46] 
INFO [2019-02-05 15:23:46] $cat.dist
INFO [2019-02-05 15:23:46] -0.025
INFO [2019-02-05 15:23:46] 
INFO [2019-02-05 15:23:46] $cat.fontfamily
INFO [2019-02-05 15:23:46] [1] "sans"
INFO [2019-02-05 15:23:46] 
