INFO [2019-02-06 13:13:40] $x
INFO [2019-02-06 13:13:40] TBX3843
INFO [2019-02-06 13:13:40] 
INFO [2019-02-06 13:13:40] $filename
INFO [2019-02-06 13:13:40] paste0(dir, "results/2019-02-05-venn-tbx3843-motifs.tiff")
INFO [2019-02-06 13:13:40] 
INFO [2019-02-06 13:13:40] $height
INFO [2019-02-06 13:13:40] [1] 1
INFO [2019-02-06 13:13:40] 
INFO [2019-02-06 13:13:40] $width
INFO [2019-02-06 13:13:40] [1] 1
INFO [2019-02-06 13:13:40] 
INFO [2019-02-06 13:13:40] $units
INFO [2019-02-06 13:13:40] [1] "inch"
INFO [2019-02-06 13:13:40] 
INFO [2019-02-06 13:13:40] $resolution
INFO [2019-02-06 13:13:40] [1] 300
INFO [2019-02-06 13:13:40] 
INFO [2019-02-06 13:13:40] $imagetype
INFO [2019-02-06 13:13:40] [1] "tiff"
INFO [2019-02-06 13:13:40] 
INFO [2019-02-06 13:13:40] $fill
INFO [2019-02-06 13:13:40] c("lightgrey", "darkgrey")
INFO [2019-02-06 13:13:40] 
INFO [2019-02-06 13:13:40] $cex
INFO [2019-02-06 13:13:40] [1] 2.5
INFO [2019-02-06 13:13:40] 
INFO [2019-02-06 13:13:40] $fontfamily
INFO [2019-02-06 13:13:40] [1] "sans"
INFO [2019-02-06 13:13:40] 
INFO [2019-02-06 13:13:40] $cat.cex
INFO [2019-02-06 13:13:40] [1] 3
INFO [2019-02-06 13:13:40] 
INFO [2019-02-06 13:13:40] $cat.pos
INFO [2019-02-06 13:13:40] c(0, 0)
INFO [2019-02-06 13:13:40] 
INFO [2019-02-06 13:13:40] $cat.dist
INFO [2019-02-06 13:13:40] -0.025
INFO [2019-02-06 13:13:40] 
INFO [2019-02-06 13:13:40] $cat.fontfamily
INFO [2019-02-06 13:13:40] [1] "sans"
INFO [2019-02-06 13:13:40] 
