INFO [2019-02-06 13:27:04] $x
INFO [2019-02-06 13:27:04] TBX3843
INFO [2019-02-06 13:27:04] 
INFO [2019-02-06 13:27:04] $filename
INFO [2019-02-06 13:27:04] paste0(dir, "results/2019-02-05-venn-tbx3843-motifs.tiff")
INFO [2019-02-06 13:27:04] 
INFO [2019-02-06 13:27:04] $height
INFO [2019-02-06 13:27:04] [1] 1.2
INFO [2019-02-06 13:27:04] 
INFO [2019-02-06 13:27:04] $width
INFO [2019-02-06 13:27:04] [1] 1.2
INFO [2019-02-06 13:27:04] 
INFO [2019-02-06 13:27:04] $units
INFO [2019-02-06 13:27:04] [1] "in"
INFO [2019-02-06 13:27:04] 
INFO [2019-02-06 13:27:04] $resolution
INFO [2019-02-06 13:27:04] [1] 300
INFO [2019-02-06 13:27:04] 
INFO [2019-02-06 13:27:04] $imagetype
INFO [2019-02-06 13:27:04] [1] "tiff"
INFO [2019-02-06 13:27:04] 
INFO [2019-02-06 13:27:04] $fill
INFO [2019-02-06 13:27:04] c("lightgrey", "darkgrey")
INFO [2019-02-06 13:27:04] 
INFO [2019-02-06 13:27:04] $cex
INFO [2019-02-06 13:27:04] [1] 0.75
INFO [2019-02-06 13:27:04] 
INFO [2019-02-06 13:27:04] $fontfamily
INFO [2019-02-06 13:27:04] [1] "sans"
INFO [2019-02-06 13:27:04] 
INFO [2019-02-06 13:27:04] $cat.cex
INFO [2019-02-06 13:27:04] [1] 0.75
INFO [2019-02-06 13:27:04] 
INFO [2019-02-06 13:27:04] $cat.pos
INFO [2019-02-06 13:27:04] c(0, 90)
INFO [2019-02-06 13:27:04] 
INFO [2019-02-06 13:27:04] $cat.default.pos
INFO [2019-02-06 13:27:04] [1] "outer"
INFO [2019-02-06 13:27:04] 
INFO [2019-02-06 13:27:04] $cat.dist
INFO [2019-02-06 13:27:04] c(+0.04, 0.11)
INFO [2019-02-06 13:27:04] 
INFO [2019-02-06 13:27:04] $cat.fontfamily
INFO [2019-02-06 13:27:04] [1] "sans"
INFO [2019-02-06 13:27:04] 
