INFO [2019-02-06 13:20:18] $x
INFO [2019-02-06 13:20:18] TBX3843
INFO [2019-02-06 13:20:18] 
INFO [2019-02-06 13:20:18] $filename
INFO [2019-02-06 13:20:18] paste0(dir, "results/2019-02-05-venn-tbx3843-motifs.tiff")
INFO [2019-02-06 13:20:18] 
INFO [2019-02-06 13:20:18] $height
INFO [2019-02-06 13:20:18] [1] 1
INFO [2019-02-06 13:20:18] 
INFO [2019-02-06 13:20:18] $width
INFO [2019-02-06 13:20:18] [1] 1
INFO [2019-02-06 13:20:18] 
INFO [2019-02-06 13:20:18] $units
INFO [2019-02-06 13:20:18] [1] "in"
INFO [2019-02-06 13:20:18] 
INFO [2019-02-06 13:20:18] $resolution
INFO [2019-02-06 13:20:18] [1] 300
INFO [2019-02-06 13:20:18] 
INFO [2019-02-06 13:20:18] $imagetype
INFO [2019-02-06 13:20:18] [1] "tiff"
INFO [2019-02-06 13:20:18] 
INFO [2019-02-06 13:20:18] $fill
INFO [2019-02-06 13:20:18] c("lightgrey", "darkgrey")
INFO [2019-02-06 13:20:18] 
INFO [2019-02-06 13:20:18] $cex
INFO [2019-02-06 13:20:18] [1] 0.75
INFO [2019-02-06 13:20:18] 
INFO [2019-02-06 13:20:18] $fontfamily
INFO [2019-02-06 13:20:18] [1] "sans"
INFO [2019-02-06 13:20:18] 
INFO [2019-02-06 13:20:18] $cat.cex
INFO [2019-02-06 13:20:18] [1] 0.75
INFO [2019-02-06 13:20:18] 
INFO [2019-02-06 13:20:18] $cat.pos
INFO [2019-02-06 13:20:18] c(0, 90)
INFO [2019-02-06 13:20:18] 
INFO [2019-02-06 13:20:18] $cat.dist
INFO [2019-02-06 13:20:18] c(-0.05, 0.5)
INFO [2019-02-06 13:20:18] 
INFO [2019-02-06 13:20:18] $cat.fontfamily
INFO [2019-02-06 13:20:18] [1] "sans"
INFO [2019-02-06 13:20:18] 
