INFO [2019-02-07 18:46:45] $x
INFO [2019-02-07 18:46:45] list(AM140 = DEG$AM.up, N2 = DEG$N2.up)
INFO [2019-02-07 18:46:45] 
INFO [2019-02-07 18:46:45] $filename
INFO [2019-02-07 18:46:45] paste0(path, "results/2019-02-07-venn-anc1-up-0.05.tiff")
INFO [2019-02-07 18:46:45] 
INFO [2019-02-07 18:46:45] $resolution
INFO [2019-02-07 18:46:45] [1] 300
INFO [2019-02-07 18:46:45] 
INFO [2019-02-07 18:46:45] $imagetype
INFO [2019-02-07 18:46:45] [1] "tiff"
INFO [2019-02-07 18:46:45] 
INFO [2019-02-07 18:46:45] $height
INFO [2019-02-07 18:46:45] [1] 2
INFO [2019-02-07 18:46:45] 
INFO [2019-02-07 18:46:45] $width
INFO [2019-02-07 18:46:45] [1] 2
INFO [2019-02-07 18:46:45] 
INFO [2019-02-07 18:46:45] $units
INFO [2019-02-07 18:46:45] [1] "in"
INFO [2019-02-07 18:46:45] 
INFO [2019-02-07 18:46:45] $lwd
INFO [2019-02-07 18:46:45] [1] 2
INFO [2019-02-07 18:46:45] 
INFO [2019-02-07 18:46:45] $main
INFO [2019-02-07 18:46:45] [1] "Upregulated (p < 0.05)"
INFO [2019-02-07 18:46:45] 
INFO [2019-02-07 18:46:45] $main.cex
INFO [2019-02-07 18:46:45] [1] 1
INFO [2019-02-07 18:46:45] 
INFO [2019-02-07 18:46:45] $main.fontfamily
INFO [2019-02-07 18:46:45] [1] "sans"
INFO [2019-02-07 18:46:45] 
INFO [2019-02-07 18:46:45] $fill
INFO [2019-02-07 18:46:45] c("blue", "red")
INFO [2019-02-07 18:46:45] 
INFO [2019-02-07 18:46:45] $cex
INFO [2019-02-07 18:46:45] [1] 1
INFO [2019-02-07 18:46:45] 
INFO [2019-02-07 18:46:45] $fontfamily
INFO [2019-02-07 18:46:45] [1] "sans"
INFO [2019-02-07 18:46:45] 
INFO [2019-02-07 18:46:45] $cat.cex
INFO [2019-02-07 18:46:45] [1] 1
INFO [2019-02-07 18:46:45] 
INFO [2019-02-07 18:46:45] $cat.pos
INFO [2019-02-07 18:46:45] c(180 + 30, 180 - 30)
INFO [2019-02-07 18:46:45] 
INFO [2019-02-07 18:46:45] $cat.dist
INFO [2019-02-07 18:46:45] +0.04
INFO [2019-02-07 18:46:45] 
INFO [2019-02-07 18:46:45] $cat.col
INFO [2019-02-07 18:46:45] c("blue", "red")
INFO [2019-02-07 18:46:45] 
INFO [2019-02-07 18:46:45] $cat.fontfamily
INFO [2019-02-07 18:46:45] [1] "sans"
INFO [2019-02-07 18:46:45] 
INFO [2019-02-07 18:46:45] $print.mode
INFO [2019-02-07 18:46:45] c("raw", "percent")
INFO [2019-02-07 18:46:45] 
INFO [2019-02-07 18:46:45] $sub
INFO [2019-02-07 18:46:45] [1] "p < 0.0001"
INFO [2019-02-07 18:46:45] 
INFO [2019-02-07 18:46:45] $sub.cex
INFO [2019-02-07 18:46:45] [1] 1
INFO [2019-02-07 18:46:45] 
INFO [2019-02-07 18:46:45] $sub.fontfamily
INFO [2019-02-07 18:46:45] [1] "sans"
INFO [2019-02-07 18:46:45] 
