INFO [2019-02-07 18:43:21] $x
INFO [2019-02-07 18:43:21] list(AM140 = DEG$AM.up, N2 = DEG$N2.up)
INFO [2019-02-07 18:43:21] 
INFO [2019-02-07 18:43:21] $filename
INFO [2019-02-07 18:43:21] paste0(path, "results/2019-02-07-venn-anc1-up-0.05.tiff")
INFO [2019-02-07 18:43:21] 
INFO [2019-02-07 18:43:21] $resolution
INFO [2019-02-07 18:43:21] [1] 300
INFO [2019-02-07 18:43:21] 
INFO [2019-02-07 18:43:21] $imagetype
INFO [2019-02-07 18:43:21] [1] "tiff"
INFO [2019-02-07 18:43:21] 
INFO [2019-02-07 18:43:21] $lwd
INFO [2019-02-07 18:43:21] [1] 4
INFO [2019-02-07 18:43:21] 
INFO [2019-02-07 18:43:21] $main
INFO [2019-02-07 18:43:21] [1] "Upregulated (p < 0.05)"
INFO [2019-02-07 18:43:21] 
INFO [2019-02-07 18:43:21] $main.cex
INFO [2019-02-07 18:43:21] [1] 3
INFO [2019-02-07 18:43:21] 
INFO [2019-02-07 18:43:21] $main.fontfamily
INFO [2019-02-07 18:43:21] [1] "sans"
INFO [2019-02-07 18:43:21] 
INFO [2019-02-07 18:43:21] $fill
INFO [2019-02-07 18:43:21] c("blue", "red")
INFO [2019-02-07 18:43:21] 
INFO [2019-02-07 18:43:21] $cex
INFO [2019-02-07 18:43:21] [1] 2.5
INFO [2019-02-07 18:43:21] 
INFO [2019-02-07 18:43:21] $fontfamily
INFO [2019-02-07 18:43:21] [1] "sans"
INFO [2019-02-07 18:43:21] 
INFO [2019-02-07 18:43:21] $cat.cex
INFO [2019-02-07 18:43:21] [1] 3
INFO [2019-02-07 18:43:21] 
INFO [2019-02-07 18:43:21] $cat.pos
INFO [2019-02-07 18:43:21] c(180 + 30, 180 - 30)
INFO [2019-02-07 18:43:21] 
INFO [2019-02-07 18:43:21] $cat.dist
INFO [2019-02-07 18:43:21] +0.04
INFO [2019-02-07 18:43:21] 
INFO [2019-02-07 18:43:21] $cat.col
INFO [2019-02-07 18:43:21] c("blue", "red")
INFO [2019-02-07 18:43:21] 
INFO [2019-02-07 18:43:21] $cat.fontfamily
INFO [2019-02-07 18:43:21] [1] "sans"
INFO [2019-02-07 18:43:21] 
INFO [2019-02-07 18:43:21] $print.mode
INFO [2019-02-07 18:43:21] c("raw", "percent")
INFO [2019-02-07 18:43:21] 
INFO [2019-02-07 18:43:21] $sub
INFO [2019-02-07 18:43:21] [1] "p < 0.0001"
INFO [2019-02-07 18:43:21] 
INFO [2019-02-07 18:43:21] $sub.cex
INFO [2019-02-07 18:43:21] [1] 2
INFO [2019-02-07 18:43:21] 
INFO [2019-02-07 18:43:21] $sub.fontfamily
INFO [2019-02-07 18:43:21] [1] "sans"
INFO [2019-02-07 18:43:21] 
