INFO [2019-02-07 18:46:08] $x
INFO [2019-02-07 18:46:08] list(AM140 = DEG$AM.up, N2 = DEG$N2.up)
INFO [2019-02-07 18:46:08] 
INFO [2019-02-07 18:46:08] $filename
INFO [2019-02-07 18:46:08] paste0(path, "results/2019-02-07-venn-anc1-up-0.05.tiff")
INFO [2019-02-07 18:46:08] 
INFO [2019-02-07 18:46:08] $resolution
INFO [2019-02-07 18:46:08] [1] 300
INFO [2019-02-07 18:46:08] 
INFO [2019-02-07 18:46:08] $imagetype
INFO [2019-02-07 18:46:08] [1] "tiff"
INFO [2019-02-07 18:46:08] 
INFO [2019-02-07 18:46:08] $height
INFO [2019-02-07 18:46:08] [1] 2
INFO [2019-02-07 18:46:08] 
INFO [2019-02-07 18:46:08] $width
INFO [2019-02-07 18:46:08] [1] 2
INFO [2019-02-07 18:46:08] 
INFO [2019-02-07 18:46:08] $units
INFO [2019-02-07 18:46:08] [1] "in"
INFO [2019-02-07 18:46:08] 
INFO [2019-02-07 18:46:08] $lwd
INFO [2019-02-07 18:46:08] [1] 2
INFO [2019-02-07 18:46:08] 
INFO [2019-02-07 18:46:08] $main
INFO [2019-02-07 18:46:08] [1] "Upregulated (p < 0.05)"
INFO [2019-02-07 18:46:08] 
INFO [2019-02-07 18:46:08] $main.cex
INFO [2019-02-07 18:46:08] [1] 3
INFO [2019-02-07 18:46:08] 
INFO [2019-02-07 18:46:08] $main.fontfamily
INFO [2019-02-07 18:46:08] [1] "sans"
INFO [2019-02-07 18:46:08] 
INFO [2019-02-07 18:46:08] $fill
INFO [2019-02-07 18:46:08] c("blue", "red")
INFO [2019-02-07 18:46:08] 
INFO [2019-02-07 18:46:08] $cex
INFO [2019-02-07 18:46:08] [1] 2.5
INFO [2019-02-07 18:46:08] 
INFO [2019-02-07 18:46:08] $fontfamily
INFO [2019-02-07 18:46:08] [1] "sans"
INFO [2019-02-07 18:46:08] 
INFO [2019-02-07 18:46:08] $cat.cex
INFO [2019-02-07 18:46:08] [1] 3
INFO [2019-02-07 18:46:08] 
INFO [2019-02-07 18:46:08] $cat.pos
INFO [2019-02-07 18:46:08] c(180 + 30, 180 - 30)
INFO [2019-02-07 18:46:08] 
INFO [2019-02-07 18:46:08] $cat.dist
INFO [2019-02-07 18:46:08] +0.04
INFO [2019-02-07 18:46:08] 
INFO [2019-02-07 18:46:08] $cat.col
INFO [2019-02-07 18:46:08] c("blue", "red")
INFO [2019-02-07 18:46:08] 
INFO [2019-02-07 18:46:08] $cat.fontfamily
INFO [2019-02-07 18:46:08] [1] "sans"
INFO [2019-02-07 18:46:08] 
INFO [2019-02-07 18:46:08] $print.mode
INFO [2019-02-07 18:46:08] c("raw", "percent")
INFO [2019-02-07 18:46:08] 
INFO [2019-02-07 18:46:08] $sub
INFO [2019-02-07 18:46:08] [1] "p < 0.0001"
INFO [2019-02-07 18:46:08] 
INFO [2019-02-07 18:46:08] $sub.cex
INFO [2019-02-07 18:46:08] [1] 2
INFO [2019-02-07 18:46:08] 
INFO [2019-02-07 18:46:08] $sub.fontfamily
INFO [2019-02-07 18:46:08] [1] "sans"
INFO [2019-02-07 18:46:08] 
