INFO [2019-02-07 18:50:28] $x
INFO [2019-02-07 18:50:28] list(AM140 = DEG$AM.up, N2 = DEG$N2.up)
INFO [2019-02-07 18:50:28] 
INFO [2019-02-07 18:50:28] $filename
INFO [2019-02-07 18:50:28] paste0(path, "results/2019-02-07-venn-anc1-up-0.05.tiff")
INFO [2019-02-07 18:50:28] 
INFO [2019-02-07 18:50:28] $resolution
INFO [2019-02-07 18:50:28] [1] 300
INFO [2019-02-07 18:50:28] 
INFO [2019-02-07 18:50:28] $imagetype
INFO [2019-02-07 18:50:28] [1] "tiff"
INFO [2019-02-07 18:50:28] 
INFO [2019-02-07 18:50:28] $height
INFO [2019-02-07 18:50:28] [1] 2
INFO [2019-02-07 18:50:28] 
INFO [2019-02-07 18:50:28] $width
INFO [2019-02-07 18:50:28] [1] 2
INFO [2019-02-07 18:50:28] 
INFO [2019-02-07 18:50:28] $units
INFO [2019-02-07 18:50:28] [1] "in"
INFO [2019-02-07 18:50:28] 
INFO [2019-02-07 18:50:28] $lwd
INFO [2019-02-07 18:50:28] [1] 2
INFO [2019-02-07 18:50:28] 
INFO [2019-02-07 18:50:28] $main
INFO [2019-02-07 18:50:28] [1] "Upregulated (p < 0.05)"
INFO [2019-02-07 18:50:28] 
INFO [2019-02-07 18:50:28] $main.cex
INFO [2019-02-07 18:50:28] [1] 1
INFO [2019-02-07 18:50:28] 
INFO [2019-02-07 18:50:28] $main.fontfamily
INFO [2019-02-07 18:50:28] [1] "sans"
INFO [2019-02-07 18:50:28] 
INFO [2019-02-07 18:50:28] $fill
INFO [2019-02-07 18:50:28] c("blue", "red")
INFO [2019-02-07 18:50:28] 
INFO [2019-02-07 18:50:28] $cex
INFO [2019-02-07 18:50:28] [1] 1
INFO [2019-02-07 18:50:28] 
INFO [2019-02-07 18:50:28] $fontfamily
INFO [2019-02-07 18:50:28] [1] "sans"
INFO [2019-02-07 18:50:28] 
INFO [2019-02-07 18:50:28] $cat.cex
INFO [2019-02-07 18:50:28] [1] 1
INFO [2019-02-07 18:50:28] 
INFO [2019-02-07 18:50:28] $cat.pos
INFO [2019-02-07 18:50:28] c(180 + 30, 180 - 30)
INFO [2019-02-07 18:50:28] 
INFO [2019-02-07 18:50:28] $cat.dist
INFO [2019-02-07 18:50:28] +0.04
INFO [2019-02-07 18:50:28] 
INFO [2019-02-07 18:50:28] $cat.col
INFO [2019-02-07 18:50:28] c("blue", "red")
INFO [2019-02-07 18:50:28] 
INFO [2019-02-07 18:50:28] $cat.fontfamily
INFO [2019-02-07 18:50:28] [1] "sans"
INFO [2019-02-07 18:50:28] 
INFO [2019-02-07 18:50:28] $print.mode
INFO [2019-02-07 18:50:28] c("raw", "percent")
INFO [2019-02-07 18:50:28] 
INFO [2019-02-07 18:50:28] $sub
INFO [2019-02-07 18:50:28] [1] "p < 0.0001"
INFO [2019-02-07 18:50:28] 
INFO [2019-02-07 18:50:28] $sub.cex
INFO [2019-02-07 18:50:28] [1] 0.5
INFO [2019-02-07 18:50:28] 
INFO [2019-02-07 18:50:28] $sub.fontfamily
INFO [2019-02-07 18:50:28] [1] "sans"
INFO [2019-02-07 18:50:28] 
