INFO [2019-02-07 18:42:29] $x
INFO [2019-02-07 18:42:29] list(AM140 = DEG$AM.up, N2 = DEG$N2.up)
INFO [2019-02-07 18:42:29] 
INFO [2019-02-07 18:42:29] $filename
INFO [2019-02-07 18:42:29] paste0(path, "results/2019-02-07-venn-anc1-up-0.05.tiff")
INFO [2019-02-07 18:42:29] 
INFO [2019-02-07 18:42:29] $resolution
INFO [2019-02-07 18:42:29] [1] 300
INFO [2019-02-07 18:42:29] 
INFO [2019-02-07 18:42:29] $imagetype
INFO [2019-02-07 18:42:29] [1] "tiff"
INFO [2019-02-07 18:42:29] 
INFO [2019-02-07 18:42:29] $lwd
INFO [2019-02-07 18:42:29] [1] 2
INFO [2019-02-07 18:42:29] 
INFO [2019-02-07 18:42:29] $main
INFO [2019-02-07 18:42:29] [1] "Upregulated (p < 0.05)"
INFO [2019-02-07 18:42:29] 
INFO [2019-02-07 18:42:29] $main.cex
INFO [2019-02-07 18:42:29] [1] 3
INFO [2019-02-07 18:42:29] 
INFO [2019-02-07 18:42:29] $main.fontfamily
INFO [2019-02-07 18:42:29] [1] "sans"
INFO [2019-02-07 18:42:29] 
INFO [2019-02-07 18:42:29] $fill
INFO [2019-02-07 18:42:29] c("blue", "red")
INFO [2019-02-07 18:42:29] 
INFO [2019-02-07 18:42:29] $cex
INFO [2019-02-07 18:42:29] [1] 2.5
INFO [2019-02-07 18:42:29] 
INFO [2019-02-07 18:42:29] $fontfamily
INFO [2019-02-07 18:42:29] [1] "sans"
INFO [2019-02-07 18:42:29] 
INFO [2019-02-07 18:42:29] $cat.cex
INFO [2019-02-07 18:42:29] [1] 3
INFO [2019-02-07 18:42:29] 
INFO [2019-02-07 18:42:29] $cat.pos
INFO [2019-02-07 18:42:29] c(180 + 30, 180 - 30)
INFO [2019-02-07 18:42:29] 
INFO [2019-02-07 18:42:29] $cat.dist
INFO [2019-02-07 18:42:29] +0.04
INFO [2019-02-07 18:42:29] 
INFO [2019-02-07 18:42:29] $cat.col
INFO [2019-02-07 18:42:29] c("blue", "red")
INFO [2019-02-07 18:42:29] 
INFO [2019-02-07 18:42:29] $cat.fontfamily
INFO [2019-02-07 18:42:29] [1] "sans"
INFO [2019-02-07 18:42:29] 
INFO [2019-02-07 18:42:29] $print.mode
INFO [2019-02-07 18:42:29] c("raw", "percent")
INFO [2019-02-07 18:42:29] 
INFO [2019-02-07 18:42:29] $sub
INFO [2019-02-07 18:42:29] [1] "p < 0.0001"
INFO [2019-02-07 18:42:29] 
INFO [2019-02-07 18:42:29] $sub.cex
INFO [2019-02-07 18:42:29] [1] 2
INFO [2019-02-07 18:42:29] 
INFO [2019-02-07 18:42:29] $sub.fontfamily
INFO [2019-02-07 18:42:29] [1] "sans"
INFO [2019-02-07 18:42:29] 
