INFO [2018-10-04 18:14:45] $x
INFO [2018-10-04 18:14:45] list(AM140 = DEG$AM.dn, N2 = DEG$N2.dn)
INFO [2018-10-04 18:14:45] 
INFO [2018-10-04 18:14:45] $filename
INFO [2018-10-04 18:14:45] [1] "experiments/2018-04-24-venn/results/venn_anc1_downregulated.tiff"
INFO [2018-10-04 18:14:45] 
INFO [2018-10-04 18:14:45] $resolution
INFO [2018-10-04 18:14:45] [1] 300
INFO [2018-10-04 18:14:45] 
INFO [2018-10-04 18:14:45] $imagetype
INFO [2018-10-04 18:14:45] [1] "tiff"
INFO [2018-10-04 18:14:45] 
INFO [2018-10-04 18:14:45] $main
INFO [2018-10-04 18:14:45] [1] "Downregulated"
INFO [2018-10-04 18:14:45] 
INFO [2018-10-04 18:14:45] $main.cex
INFO [2018-10-04 18:14:45] [1] 3
INFO [2018-10-04 18:14:45] 
INFO [2018-10-04 18:14:45] $main.fontfamily
INFO [2018-10-04 18:14:45] [1] "sans"
INFO [2018-10-04 18:14:45] 
INFO [2018-10-04 18:14:45] $fill
INFO [2018-10-04 18:14:45] c("blue", "red")
INFO [2018-10-04 18:14:45] 
INFO [2018-10-04 18:14:45] $cex
INFO [2018-10-04 18:14:45] [1] 2.5
INFO [2018-10-04 18:14:45] 
INFO [2018-10-04 18:14:45] $fontfamily
INFO [2018-10-04 18:14:45] [1] "sans"
INFO [2018-10-04 18:14:45] 
INFO [2018-10-04 18:14:45] $cat.cex
INFO [2018-10-04 18:14:45] [1] 3
INFO [2018-10-04 18:14:45] 
INFO [2018-10-04 18:14:45] $cat.pos
INFO [2018-10-04 18:14:45] c(180 - 30, 180 + 30)
INFO [2018-10-04 18:14:45] 
INFO [2018-10-04 18:14:45] $cat.dist
INFO [2018-10-04 18:14:45] +0.04
INFO [2018-10-04 18:14:45] 
INFO [2018-10-04 18:14:45] $cat.col
INFO [2018-10-04 18:14:45] c("blue", "red")
INFO [2018-10-04 18:14:45] 
INFO [2018-10-04 18:14:45] $cat.fontfamily
INFO [2018-10-04 18:14:45] [1] "sans"
INFO [2018-10-04 18:14:45] 
INFO [2018-10-04 18:14:45] $print.mode
INFO [2018-10-04 18:14:45] c("raw", "percent")
INFO [2018-10-04 18:14:45] 
INFO [2018-10-04 18:14:45] $sub
INFO [2018-10-04 18:14:45] [1] "p < 0.0001"
INFO [2018-10-04 18:14:45] 
INFO [2018-10-04 18:14:45] $sub.cex
INFO [2018-10-04 18:14:45] [1] 2
INFO [2018-10-04 18:14:45] 
INFO [2018-10-04 18:14:45] $sub.fontfamily
INFO [2018-10-04 18:14:45] [1] "sans"
INFO [2018-10-04 18:14:45] 
INFO [2018-10-04 18:14:45] $inverted
INFO [2018-10-04 18:14:45] [1] TRUE
INFO [2018-10-04 18:14:45] 
