INFO [2018-10-07 19:09:31] $x
INFO [2018-10-07 19:09:31] list(AM140 = DEG$AM.dn, N2 = DEG$N2.dn)
INFO [2018-10-07 19:09:31] 
INFO [2018-10-07 19:09:31] $filename
INFO [2018-10-07 19:09:31] [1] "experiments/2018-04-24-venn/results/venn_anc1_downregulated.tiff"
INFO [2018-10-07 19:09:31] 
INFO [2018-10-07 19:09:31] $resolution
INFO [2018-10-07 19:09:31] [1] 300
INFO [2018-10-07 19:09:31] 
INFO [2018-10-07 19:09:31] $imagetype
INFO [2018-10-07 19:09:31] [1] "tiff"
INFO [2018-10-07 19:09:31] 
INFO [2018-10-07 19:09:31] $main
INFO [2018-10-07 19:09:31] [1] "Downregulated (p < 0.1)"
INFO [2018-10-07 19:09:31] 
INFO [2018-10-07 19:09:31] $main.cex
INFO [2018-10-07 19:09:31] [1] 3
INFO [2018-10-07 19:09:31] 
INFO [2018-10-07 19:09:31] $main.fontfamily
INFO [2018-10-07 19:09:31] [1] "sans"
INFO [2018-10-07 19:09:31] 
INFO [2018-10-07 19:09:31] $fill
INFO [2018-10-07 19:09:31] c("blue", "red")
INFO [2018-10-07 19:09:31] 
INFO [2018-10-07 19:09:31] $cex
INFO [2018-10-07 19:09:31] [1] 2.5
INFO [2018-10-07 19:09:31] 
INFO [2018-10-07 19:09:31] $fontfamily
INFO [2018-10-07 19:09:31] [1] "sans"
INFO [2018-10-07 19:09:31] 
INFO [2018-10-07 19:09:31] $cat.cex
INFO [2018-10-07 19:09:31] [1] 3
INFO [2018-10-07 19:09:31] 
INFO [2018-10-07 19:09:31] $cat.pos
INFO [2018-10-07 19:09:31] c(180 + 30, 180 - 30)
INFO [2018-10-07 19:09:31] 
INFO [2018-10-07 19:09:31] $cat.dist
INFO [2018-10-07 19:09:31] +0.04
INFO [2018-10-07 19:09:31] 
INFO [2018-10-07 19:09:31] $cat.col
INFO [2018-10-07 19:09:31] c("blue", "red")
INFO [2018-10-07 19:09:31] 
INFO [2018-10-07 19:09:31] $cat.fontfamily
INFO [2018-10-07 19:09:31] [1] "sans"
INFO [2018-10-07 19:09:31] 
INFO [2018-10-07 19:09:31] $print.mode
INFO [2018-10-07 19:09:31] c("raw", "percent")
INFO [2018-10-07 19:09:31] 
INFO [2018-10-07 19:09:31] $sub
INFO [2018-10-07 19:09:31] [1] "p < 0.0001"
INFO [2018-10-07 19:09:31] 
INFO [2018-10-07 19:09:31] $sub.cex
INFO [2018-10-07 19:09:31] [1] 2
INFO [2018-10-07 19:09:31] 
INFO [2018-10-07 19:09:31] $sub.fontfamily
INFO [2018-10-07 19:09:31] [1] "sans"
INFO [2018-10-07 19:09:31] 
INFO [2018-10-07 19:09:31] [[20]]
INFO [2018-10-07 19:09:31] 
INFO [2018-10-07 19:09:31] 
