INFO [2018-04-17 18:29:56] $x
INFO [2018-04-17 18:29:56] list(AM140 = AM.dn, N2 = NT.dn)
INFO [2018-04-17 18:29:56] 
INFO [2018-04-17 18:29:56] $filename
INFO [2018-04-17 18:29:56] [1] "venn_anc1_downregulated.tiff"
INFO [2018-04-17 18:29:56] 
INFO [2018-04-17 18:29:56] $resolution
INFO [2018-04-17 18:29:56] [1] 300
INFO [2018-04-17 18:29:56] 
INFO [2018-04-17 18:29:56] $imagetype
INFO [2018-04-17 18:29:56] [1] "tiff"
INFO [2018-04-17 18:29:56] 
INFO [2018-04-17 18:29:56] $main
INFO [2018-04-17 18:29:56] [1] "Downregulated genes"
INFO [2018-04-17 18:29:56] 
INFO [2018-04-17 18:29:56] $main.cex
INFO [2018-04-17 18:29:56] [1] 3
INFO [2018-04-17 18:29:56] 
INFO [2018-04-17 18:29:56] $main.fontfamily
INFO [2018-04-17 18:29:56] [1] "sans"
INFO [2018-04-17 18:29:56] 
INFO [2018-04-17 18:29:56] $fill
INFO [2018-04-17 18:29:56] c("blue", "red")
INFO [2018-04-17 18:29:56] 
INFO [2018-04-17 18:29:56] $cex
INFO [2018-04-17 18:29:56] [1] 3
INFO [2018-04-17 18:29:56] 
INFO [2018-04-17 18:29:56] $fontfamily
INFO [2018-04-17 18:29:56] [1] "sans"
INFO [2018-04-17 18:29:56] 
INFO [2018-04-17 18:29:56] $cat.cex
INFO [2018-04-17 18:29:56] [1] 3
INFO [2018-04-17 18:29:56] 
INFO [2018-04-17 18:29:56] $cat.pos
INFO [2018-04-17 18:29:56] c(180 + 30, 180 - 30)
INFO [2018-04-17 18:29:56] 
INFO [2018-04-17 18:29:56] $cat.dist
INFO [2018-04-17 18:29:56] +0.04
INFO [2018-04-17 18:29:56] 
INFO [2018-04-17 18:29:56] $cat.col
INFO [2018-04-17 18:29:56] c("blue", "red")
INFO [2018-04-17 18:29:56] 
INFO [2018-04-17 18:29:56] $cat.fontfamily
INFO [2018-04-17 18:29:56] [1] "sans"
INFO [2018-04-17 18:29:56] 
INFO [2018-04-17 18:29:56] $print.mode
INFO [2018-04-17 18:29:56] c("raw", "percent")
INFO [2018-04-17 18:29:56] 
