INFO [2018-10-07 19:09:27] $x
INFO [2018-10-07 19:09:27] list(AM140 = DEG$AM.up, N2 = DEG$N2.up)
INFO [2018-10-07 19:09:27] 
INFO [2018-10-07 19:09:27] $filename
INFO [2018-10-07 19:09:27] [1] "experiments/2018-04-24-venn/results/venn_anc1_upregulated.tiff"
INFO [2018-10-07 19:09:27] 
INFO [2018-10-07 19:09:27] $resolution
INFO [2018-10-07 19:09:27] [1] 300
INFO [2018-10-07 19:09:27] 
INFO [2018-10-07 19:09:27] $imagetype
INFO [2018-10-07 19:09:27] [1] "tiff"
INFO [2018-10-07 19:09:27] 
INFO [2018-10-07 19:09:27] $main
INFO [2018-10-07 19:09:27] [1] "Upregulated (p < 0.1)"
INFO [2018-10-07 19:09:27] 
INFO [2018-10-07 19:09:27] $main.cex
INFO [2018-10-07 19:09:27] [1] 3
INFO [2018-10-07 19:09:27] 
INFO [2018-10-07 19:09:27] $main.fontfamily
INFO [2018-10-07 19:09:27] [1] "sans"
INFO [2018-10-07 19:09:27] 
INFO [2018-10-07 19:09:27] $fill
INFO [2018-10-07 19:09:27] c("blue", "red")
INFO [2018-10-07 19:09:27] 
INFO [2018-10-07 19:09:27] $cex
INFO [2018-10-07 19:09:27] [1] 2.5
INFO [2018-10-07 19:09:27] 
INFO [2018-10-07 19:09:27] $fontfamily
INFO [2018-10-07 19:09:27] [1] "sans"
INFO [2018-10-07 19:09:27] 
INFO [2018-10-07 19:09:27] $cat.cex
INFO [2018-10-07 19:09:27] [1] 3
INFO [2018-10-07 19:09:27] 
INFO [2018-10-07 19:09:27] $cat.pos
INFO [2018-10-07 19:09:27] c(180 + 30, 180 - 30)
INFO [2018-10-07 19:09:27] 
INFO [2018-10-07 19:09:27] $cat.dist
INFO [2018-10-07 19:09:27] +0.04
INFO [2018-10-07 19:09:27] 
INFO [2018-10-07 19:09:27] $cat.col
INFO [2018-10-07 19:09:27] c("blue", "red")
INFO [2018-10-07 19:09:27] 
INFO [2018-10-07 19:09:27] $cat.fontfamily
INFO [2018-10-07 19:09:27] [1] "sans"
INFO [2018-10-07 19:09:27] 
INFO [2018-10-07 19:09:27] $print.mode
INFO [2018-10-07 19:09:27] c("raw", "percent")
INFO [2018-10-07 19:09:27] 
INFO [2018-10-07 19:09:27] $sub
INFO [2018-10-07 19:09:27] [1] "p < 0.0001"
INFO [2018-10-07 19:09:27] 
INFO [2018-10-07 19:09:27] $sub.cex
INFO [2018-10-07 19:09:27] [1] 2
INFO [2018-10-07 19:09:27] 
INFO [2018-10-07 19:09:27] $sub.fontfamily
INFO [2018-10-07 19:09:27] [1] "sans"
INFO [2018-10-07 19:09:27] 
