INFO [2018-04-24 17:55:28] $x
INFO [2018-04-24 17:55:28] list(AM140 = both.sets$AM.up, N2 = both.sets$N2.up)
INFO [2018-04-24 17:55:28] 
INFO [2018-04-24 17:55:28] $filename
INFO [2018-04-24 17:55:28] [1] "results\\gene overlaps - venn\\venn_anc1_upregulated.tiff"
INFO [2018-04-24 17:55:28] 
INFO [2018-04-24 17:55:28] $resolution
INFO [2018-04-24 17:55:28] [1] 300
INFO [2018-04-24 17:55:28] 
INFO [2018-04-24 17:55:28] $imagetype
INFO [2018-04-24 17:55:28] [1] "tiff"
INFO [2018-04-24 17:55:28] 
INFO [2018-04-24 17:55:28] $main
INFO [2018-04-24 17:55:28] [1] "Upregulated genes"
INFO [2018-04-24 17:55:28] 
INFO [2018-04-24 17:55:28] $main.cex
INFO [2018-04-24 17:55:28] [1] 3
INFO [2018-04-24 17:55:28] 
INFO [2018-04-24 17:55:28] $main.fontfamily
INFO [2018-04-24 17:55:28] [1] "sans"
INFO [2018-04-24 17:55:28] 
INFO [2018-04-24 17:55:28] $fill
INFO [2018-04-24 17:55:28] c("blue", "red")
INFO [2018-04-24 17:55:28] 
INFO [2018-04-24 17:55:28] $cex
INFO [2018-04-24 17:55:28] [1] 3
INFO [2018-04-24 17:55:28] 
INFO [2018-04-24 17:55:28] $fontfamily
INFO [2018-04-24 17:55:28] [1] "sans"
INFO [2018-04-24 17:55:28] 
INFO [2018-04-24 17:55:28] $cat.cex
INFO [2018-04-24 17:55:28] [1] 3
INFO [2018-04-24 17:55:28] 
INFO [2018-04-24 17:55:28] $cat.pos
INFO [2018-04-24 17:55:28] c(180 + 30, 180 - 30)
INFO [2018-04-24 17:55:28] 
INFO [2018-04-24 17:55:28] $cat.dist
INFO [2018-04-24 17:55:28] +0.04
INFO [2018-04-24 17:55:28] 
INFO [2018-04-24 17:55:28] $cat.col
INFO [2018-04-24 17:55:28] c("blue", "red")
INFO [2018-04-24 17:55:28] 
INFO [2018-04-24 17:55:28] $cat.fontfamily
INFO [2018-04-24 17:55:28] [1] "sans"
INFO [2018-04-24 17:55:28] 
INFO [2018-04-24 17:55:28] $print.mode
INFO [2018-04-24 17:55:28] c("raw", "percent")
INFO [2018-04-24 17:55:28] 
