INFO [2018-10-07 17:21:44] $x
INFO [2018-10-07 17:21:44] list(`In upregulated promoters` = ab, `In downregulated promoter` = cd)
INFO [2018-10-07 17:21:44] 
INFO [2018-10-07 17:21:44] $filename
INFO [2018-10-07 17:21:44] [1] "experiments/2018-09-02-TFs-motifs/results/venn_TF_regulators.tiff"
INFO [2018-10-07 17:21:44] 
INFO [2018-10-07 17:21:44] $resolution
INFO [2018-10-07 17:21:44] [1] 300
INFO [2018-10-07 17:21:44] 
INFO [2018-10-07 17:21:44] $imagetype
INFO [2018-10-07 17:21:44] [1] "tiff"
INFO [2018-10-07 17:21:44] 
INFO [2018-10-07 17:21:44] $main
INFO [2018-10-07 17:21:44] [1] "Transcription factor motifs"
INFO [2018-10-07 17:21:44] 
INFO [2018-10-07 17:21:44] $main.cex
INFO [2018-10-07 17:21:44] [1] 3
INFO [2018-10-07 17:21:44] 
INFO [2018-10-07 17:21:44] $main.fontfamily
INFO [2018-10-07 17:21:44] [1] "sans"
INFO [2018-10-07 17:21:44] 
INFO [2018-10-07 17:21:44] $fill
INFO [2018-10-07 17:21:44] c("red2", "green2")
INFO [2018-10-07 17:21:44] 
INFO [2018-10-07 17:21:44] $cex
INFO [2018-10-07 17:21:44] [1] 2.5
INFO [2018-10-07 17:21:44] 
INFO [2018-10-07 17:21:44] $fontfamily
INFO [2018-10-07 17:21:44] [1] "sans"
INFO [2018-10-07 17:21:44] 
INFO [2018-10-07 17:21:44] $cat.cex
INFO [2018-10-07 17:21:44] [1] 3
INFO [2018-10-07 17:21:44] 
INFO [2018-10-07 17:21:44] $cat.pos
INFO [2018-10-07 17:21:44] c(180 + 30, 180 - 30)
INFO [2018-10-07 17:21:44] 
INFO [2018-10-07 17:21:44] $cat.dist
INFO [2018-10-07 17:21:44] +0.04
INFO [2018-10-07 17:21:44] 
INFO [2018-10-07 17:21:44] $cat.col
INFO [2018-10-07 17:21:44] c("red2", "green2")
INFO [2018-10-07 17:21:44] 
INFO [2018-10-07 17:21:44] $cat.fontfamily
INFO [2018-10-07 17:21:44] [1] "sans"
INFO [2018-10-07 17:21:44] 
INFO [2018-10-07 17:21:44] $print.mode
INFO [2018-10-07 17:21:44] c("raw", "percent")
INFO [2018-10-07 17:21:44] 
INFO [2018-10-07 17:21:44] $sub
INFO [2018-10-07 17:21:44] [1] "Transcription factors with motifs enriched in anc-1 regulated genes' promoters"
INFO [2018-10-07 17:21:44] 
INFO [2018-10-07 17:21:44] $sub.cex
INFO [2018-10-07 17:21:44] [1] 1.5
INFO [2018-10-07 17:21:44] 
INFO [2018-10-07 17:21:44] $sub.fontfamily
INFO [2018-10-07 17:21:44] [1] "sans"
INFO [2018-10-07 17:21:44] 
